<?xml version="1.0" encoding="UTF-8"?>
<testsuite name="MoviesTest" tests="94" skipped="0" failures="0" errors="0" timestamp="2024-03-15T20:26:13" hostname="viglab-31" time="0.115">
  <properties/>
  <testcase name="testAddNeg()" classname="MoviesTest" time="0.006"/>
  <testcase name="testAddPos()" classname="MoviesTest" time="0.003"/>
  <testcase name="testAddProductionCompanyNeg()" classname="MoviesTest" time="0.003"/>
  <testcase name="testAddProductionCompanyPos()" classname="MoviesTest" time="0.002"/>
  <testcase name="testAddProductionCountryNeg()" classname="MoviesTest" time="0.002"/>
  <testcase name="testAddProductionCountryPos()" classname="MoviesTest" time="0.002"/>
  <testcase name="testAddToCollectionNeg()" classname="MoviesTest" time="0.002"/>
  <testcase name="testAddToCollectionPos()" classname="MoviesTest" time="0.002"/>
  <testcase name="testAdultPos()" classname="MoviesTest" time="0.001"/>
  <testcase name="testGenreNegID()" classname="MoviesTest" time="0.001"/>
  <testcase name="testGetAdultAll()" classname="MoviesTest" time="0.002"/>
  <testcase name="testGetAdultNeg()" classname="MoviesTest" time="0.001"/>
  <testcase name="testGetAllIDs()" classname="MoviesTest" time="0.002"/>
  <testcase name="testGetAllIDsReleasedInRangeNeg()" classname="MoviesTest" time="0.001"/>
  <testcase name="testGetAllIDsReleasedInRangePos()" classname="MoviesTest" time="0.001"/>
  <testcase name="testGetBudgetAll()" classname="MoviesTest" time="0.001"/>
  <testcase name="testGetBudgetNeg()" classname="MoviesTest" time="0.001"/>
  <testcase name="testGetBudgetPos()" classname="MoviesTest" time="0.001"/>
  <testcase name="testGetCollectionBackdropNeg()" classname="MoviesTest" time="0.001"/>
  <testcase name="testGetCollectionBackdropPos()" classname="MoviesTest" time="0.006"/>
  <testcase name="testGetCollectionIDNeg()" classname="MoviesTest" time="0.001"/>
  <testcase name="testGetCollectionIDPos()" classname="MoviesTest" time="0.001"/>
  <testcase name="testGetCollectionNameNeg()" classname="MoviesTest" time="0.0"/>
  <testcase name="testGetCollectionNamePos()" classname="MoviesTest" time="0.001"/>
  <testcase name="testGetCollectionPosterNeg()" classname="MoviesTest" time="0.001"/>
  <testcase name="testGetCollectionPosterPos()" classname="MoviesTest" time="0.001"/>
  <testcase name="testGetFilmsInCollectionNeg()" classname="MoviesTest" time="0.001"/>
  <testcase name="testGetFilmsInCollectionPos()" classname="MoviesTest" time="0.001"/>
  <testcase name="testGetGenreAll()" classname="MoviesTest" time="0.001"/>
  <testcase name="testGetGenrePos()" classname="MoviesTest" time="0.0"/>
  <testcase name="testGetHomepageAll()" classname="MoviesTest" time="0.0"/>
  <testcase name="testGetHomepageNeg()" classname="MoviesTest" time="0.001"/>
  <testcase name="testGetHomepagePos()" classname="MoviesTest" time="0.001"/>
  <testcase name="testGetIMDBNeg()" classname="MoviesTest" time="0.001"/>
  <testcase name="testGetIMDBPos()" classname="MoviesTest" time="0.001"/>
  <testcase name="testGetLanguagesMany()" classname="MoviesTest" time="0.001"/>
  <testcase name="testGetLanguagesNeg()" classname="MoviesTest" time="0.001"/>
  <testcase name="testGetLanguagesPos()" classname="MoviesTest" time="0.001"/>
  <testcase name="testGetOriginalLanguageAll()" classname="MoviesTest" time="0.001"/>
  <testcase name="testGetOriginalLanguageNeg()" classname="MoviesTest" time="0.001"/>
  <testcase name="testGetOriginalLanguagePos()" classname="MoviesTest" time="0.001"/>
  <testcase name="testGetOriginalTitleAll()" classname="MoviesTest" time="0.001"/>
  <testcase name="testGetOriginalTitleNeg()" classname="MoviesTest" time="0.001"/>
  <testcase name="testGetOriginalTitlePos()" classname="MoviesTest" time="0.001"/>
  <testcase name="testGetOverviewAll()" classname="MoviesTest" time="0.0"/>
  <testcase name="testGetOverviewNeg()" classname="MoviesTest" time="0.0"/>
  <testcase name="testGetOverviewPos()" classname="MoviesTest" time="0.004"/>
  <testcase name="testGetPopularityEmpty()" classname="MoviesTest" time="0.001"/>
  <testcase name="testGetPopularityNeg()" classname="MoviesTest" time="0.001"/>
  <testcase name="testGetPopularityPos()" classname="MoviesTest" time="0.001"/>
  <testcase name="testGetPosterAll()" classname="MoviesTest" time="0.001"/>
  <testcase name="testGetPosterNeg()" classname="MoviesTest" time="0.001"/>
  <testcase name="testGetPosterPos()" classname="MoviesTest" time="0.0"/>
  <testcase name="testGetProductionCompanyNeg()" classname="MoviesTest" time="0.0"/>
  <testcase name="testGetProductionCompanyPos()" classname="MoviesTest" time="0.0"/>
  <testcase name="testGetProductionCountriesNeg()" classname="MoviesTest" time="0.001"/>
  <testcase name="testGetProductionCountryPos()" classname="MoviesTest" time="0.001"/>
  <testcase name="testGetReleaseAll()" classname="MoviesTest" time="0.001"/>
  <testcase name="testGetReleaseNeg()" classname="MoviesTest" time="0.001"/>
  <testcase name="testGetReleaseNegVal()" classname="MoviesTest" time="0.0"/>
  <testcase name="testGetReleasePos()" classname="MoviesTest" time="0.0"/>
  <testcase name="testGetRevenueAll()" classname="MoviesTest" time="0.001"/>
  <testcase name="testGetRevenueNeg()" classname="MoviesTest" time="0.001"/>
  <testcase name="testGetRevenuePos()" classname="MoviesTest" time="0.001"/>
  <testcase name="testGetRuntimeAll()" classname="MoviesTest" time="0.001"/>
  <testcase name="testGetRuntimeNeg()" classname="MoviesTest" time="0.0"/>
  <testcase name="testGetRuntimePos()" classname="MoviesTest" time="0.001"/>
  <testcase name="testGetStatusAll()" classname="MoviesTest" time="0.001"/>
  <testcase name="testGetStatusNeg()" classname="MoviesTest" time="0.001"/>
  <testcase name="testGetStatusPos()" classname="MoviesTest" time="0.0"/>
  <testcase name="testGetTaglineAll()" classname="MoviesTest" time="0.0"/>
  <testcase name="testGetTaglineNeg()" classname="MoviesTest" time="0.001"/>
  <testcase name="testGetTaglinePos()" classname="MoviesTest" time="0.001"/>
  <testcase name="testGetTitleAll()" classname="MoviesTest" time="0.002"/>
  <testcase name="testGetTitleNeg()" classname="MoviesTest" time="0.001"/>
  <testcase name="testGetTitlePos()" classname="MoviesTest" time="0.001"/>
  <testcase name="testGetVideoAll()" classname="MoviesTest" time="0.001"/>
  <testcase name="testGetVideoNeg()" classname="MoviesTest" time="0.0"/>
  <testcase name="testGetVideoPos()" classname="MoviesTest" time="0.001"/>
  <testcase name="testGetVoteAverageNeg()" classname="MoviesTest" time="0.001"/>
  <testcase name="testGetVoteAveragePos()" classname="MoviesTest" time="0.0"/>
  <testcase name="testGetVoteCountNeg()" classname="MoviesTest" time="0.001"/>
  <testcase name="testGetVoteCountPos()" classname="MoviesTest" time="0.001"/>
  <testcase name="testRemoveNeg()" classname="MoviesTest" time="0.001"/>
  <testcase name="testRemovePos()" classname="MoviesTest" time="0.0"/>
  <testcase name="testSetIMDBNeg()" classname="MoviesTest" time="0.0"/>
  <testcase name="testSetIMDBPos()" classname="MoviesTest" time="0.001"/>
  <testcase name="testSetPopularityNeg()" classname="MoviesTest" time="0.001"/>
  <testcase name="testSetPopularityPos()" classname="MoviesTest" time="0.001"/>
  <testcase name="testSetVoteNeg()" classname="MoviesTest" time="0.001"/>
  <testcase name="testSetVotePos()" classname="MoviesTest" time="0.0"/>
  <testcase name="testSize()" classname="MoviesTest" time="0.0"/>
  <testcase name="testfindFilmsNeg()" classname="MoviesTest" time="0.001"/>
  <testcase name="testfindFilmsPos()" classname="MoviesTest" time="0.0"/>
  <system-out><![CDATA[Adding stores.MetaData@1cf56a1c under key 1 at location 1
Adding stores.MetaData@33f676f6 under key 2 at location 2
Adding stores.Collections@264f218 under key 1 at location 1
Adding 1 under key 2 at location 2
Adding stores.MetaData@7905a0b8 under key 2 at location 2
Adding stores.MetaData@35a3d49f under key 5 at location 5
Adding stores.MetaData@389b0789 under key 10 at location 10
Adding stores.MetaData@13d9cbf5 under key 7 at location 7
Adding stores.MetaData@478db956 under key 11 at location 11
Adding stores.MetaData@6ca18a14 under key 17 at location 17
Adding stores.MetaData@c667f46 under key 18 at location 18
Adding stores.MetaData@51bd8b5c under key 16 at location 16
Adding stores.MetaData@7b50df34 under key 12 at location 12
Adding stores.MetaData@1b410b60 under key 1 at location 1
Adding stores.MetaData@2462cb01 under key 19 at location 19
Adding stores.MetaData@19b843ba under key 15 at location 15
Adding stores.MetaData@64ec96c6 under key 4 at location 4
Adding stores.MetaData@77659b30 under key 6 at location 6
Adding stores.MetaData@456d6c1e under key 0 at location 0
Adding stores.MetaData@1e13529a under key 9 at location 9
Adding stores.MetaData@1ec9bd38 under key 8 at location 8
Adding stores.MetaData@452e19ca under key 3 at location 3
Adding stores.MetaData@6b0d80ed under key 14 at location 14
Adding stores.MetaData@6f8e8894 under key 13 at location 13

Starting testAddNeg...
Adding stores.MetaData@3cfdd820 under key 1 at location 1
Adding stores.MetaData@928763c under key 2 at location 2
Adding stores.Collections@e25951c under key 1 at location 1
Adding 1 under key 2 at location 2
Adding stores.MetaData@15f47664 under key 15 at location 15
Adding stores.MetaData@471a9022 under key 17 at location 17
Adding stores.MetaData@dc9876b under key 13 at location 13
Adding stores.MetaData@2f666ebb under key 8 at location 8
Adding stores.MetaData@19976a65 under key 9 at location 9
Adding stores.MetaData@a1f72f5 under key 16 at location 16
Adding stores.MetaData@4b2c5e02 under key 4 at location 4
Adding stores.MetaData@57a3e26a under key 0 at location 0
Adding stores.MetaData@75c56eb9 under key 6 at location 6
Adding stores.MetaData@4bc222e under key 3 at location 3
Adding stores.MetaData@2dc9b0f5 under key 10 at location 10
Adding stores.MetaData@6531a794 under key 11 at location 11
Adding stores.MetaData@3b5fad2d under key 14 at location 14
Adding stores.MetaData@5e17553a under key 2 at location 2
Adding stores.MetaData@3eb91815 under key 18 at location 18
Adding stores.MetaData@56dc1551 under key 12 at location 12
Adding stores.MetaData@102cec62 under key 19 at location 19
Adding stores.MetaData@74f6c5d8 under key 5 at location 5
Adding stores.MetaData@27912e3 under key 7 at location 7
Adding stores.MetaData@34b9f960 under key 1 at location 1

Starting testAddPos...
Adding stores.MetaData@43015c69 under key 99 at location 99
Adding stores.MetaData@19b89d4 under key 1 at location 1
Adding stores.MetaData@4bbf6d0e under key 2 at location 2
Adding stores.Collections@30b6ffe0 under key 1 at location 1
Adding 1 under key 2 at location 2
Adding stores.MetaData@791d1f8b under key 0 at location 0
Adding stores.MetaData@2415fc55 under key 9 at location 9
Adding stores.MetaData@14f232c4 under key 1 at location 1
Adding stores.MetaData@13bc8645 under key 4 at location 4
Adding stores.MetaData@24c22fe under key 7 at location 7
Adding stores.MetaData@93081b6 under key 10 at location 10
Adding stores.MetaData@cd1e646 under key 19 at location 19
Adding stores.MetaData@7ba8c737 under key 8 at location 8
Adding stores.MetaData@1890516e under key 3 at location 3
Adding stores.MetaData@15a04efb under key 5 at location 5
Adding stores.MetaData@16c069df under key 18 at location 18
Adding stores.MetaData@2bec854f under key 2 at location 2
Adding stores.MetaData@31edaa7d under key 15 at location 15
Adding stores.MetaData@26adfd2d under key 16 at location 16
Adding stores.MetaData@3336e6b6 under key 13 at location 13
Adding stores.MetaData@7c3fdb62 under key 12 at location 12
Adding stores.MetaData@205d38da under key 11 at location 11
Adding stores.MetaData@6950ed69 under key 14 at location 14
Adding stores.MetaData@6dd7b5a3 under key 17 at location 17
Adding stores.MetaData@6f3187b0 under key 6 at location 6

Starting testAddProductionCompanyNeg...
Adding stores.MetaData@189cbd7c under key 1 at location 1
Adding stores.MetaData@7bf3a5d8 under key 2 at location 2
Adding stores.Collections@42e25b0b under key 1 at location 1
Adding 1 under key 2 at location 2
Adding stores.MetaData@39b43d60 under key 1 at location 1
Adding stores.MetaData@44be0077 under key 19 at location 19
Adding stores.MetaData@2205a05d under key 2 at location 2
Adding stores.MetaData@72ef8d15 under key 12 at location 12
Adding stores.MetaData@6aa8e115 under key 5 at location 5
Adding stores.MetaData@5e21e98f under key 18 at location 18
Adding stores.MetaData@51a9ad5e under key 3 at location 3
Adding stores.MetaData@5f20155b under key 8 at location 8
Adding stores.MetaData@72ade7e3 under key 15 at location 15
Adding stores.MetaData@239105a8 under key 14 at location 14
Adding stores.MetaData@3fce8fd9 under key 16 at location 16
Adding stores.MetaData@609bcfb6 under key 4 at location 4
Adding stores.MetaData@7d94beb9 under key 6 at location 6
Adding stores.MetaData@560348e6 under key 7 at location 7
Adding stores.MetaData@1df8b5b8 under key 13 at location 13
Adding stores.MetaData@23202fce under key 10 at location 10
Adding stores.MetaData@7b993c65 under key 17 at location 17
Adding stores.MetaData@37911f88 under key 11 at location 11
Adding stores.MetaData@6f1c29b7 under key 9 at location 9
Adding stores.MetaData@4d6025c5 under key 0 at location 0

Starting testAddProductionCompanyPos...
Adding stores.MetaData@7f284218 under key 1 at location 1
Adding stores.MetaData@407a7f2a under key 2 at location 2
Adding stores.Collections@4ea5b703 under key 1 at location 1
Adding 1 under key 2 at location 2
Adding stores.MetaData@2a7ed1f under key 0 at location 0
Adding stores.MetaData@3fa247d1 under key 12 at location 12
Adding stores.MetaData@2cb2fc20 under key 6 at location 6
Adding stores.MetaData@4f4c4b1a under key 1 at location 1
Adding stores.MetaData@723e88f9 under key 5 at location 5
Adding stores.MetaData@5f0fd5a0 under key 15 at location 15
Adding stores.MetaData@64e7619d under key 11 at location 11
Adding stores.MetaData@495ee280 under key 7 at location 7
Adding stores.MetaData@4fa1c212 under key 14 at location 14
Adding stores.MetaData@6ea2bc93 under key 13 at location 13
Adding stores.MetaData@3116c353 under key 18 at location 18
Adding stores.MetaData@f627d13 under key 17 at location 17
Adding stores.MetaData@4e928fbf under key 10 at location 10
Adding stores.MetaData@352ff4da under key 8 at location 8
Adding stores.MetaData@3224a577 under key 9 at location 9
Adding stores.MetaData@2e32ccc5 under key 3 at location 3
Adding stores.MetaData@748741cb under key 19 at location 19
Adding stores.MetaData@3e44f2a5 under key 4 at location 4
Adding stores.MetaData@295cf707 under key 2 at location 2
Adding stores.MetaData@1130520d under key 16 at location 16

Starting testAddProductionCountryNeg...
Adding stores.MetaData@5f77d0f9 under key 1 at location 1
Adding stores.MetaData@463fd068 under key 2 at location 2
Adding stores.Collections@895e367 under key 1 at location 1
Adding 1 under key 2 at location 2
Adding stores.MetaData@1b266842 under key 5 at location 5
Adding stores.MetaData@7a3793c7 under key 13 at location 13
Adding stores.MetaData@42b3b079 under key 0 at location 0
Adding stores.MetaData@651aed93 under key 6 at location 6
Adding stores.MetaData@4dd6fd0a under key 7 at location 7
Adding stores.MetaData@bb9e6dc under key 9 at location 9
Adding stores.MetaData@5456afaa under key 18 at location 18
Adding stores.MetaData@6692b6c6 under key 8 at location 8
Adding stores.MetaData@1cd629b3 under key 3 at location 3
Adding stores.MetaData@589da3f3 under key 17 at location 17
Adding stores.MetaData@39d76cb5 under key 1 at location 1
Adding stores.MetaData@4a00d9cf under key 2 at location 2
Adding stores.MetaData@6736fa8d under key 19 at location 19
Adding stores.MetaData@52815fa3 under key 14 at location 14
Adding stores.MetaData@50313382 under key 11 at location 11
Adding stores.MetaData@1cb346ea under key 16 at location 16
Adding stores.MetaData@4c012563 under key 10 at location 10
Adding stores.MetaData@14a50707 under key 4 at location 4
Adding stores.MetaData@4d518b32 under key 15 at location 15
Adding stores.MetaData@4bd31064 under key 12 at location 12

Starting testAddProductionCountryPos...
Adding stores.MetaData@e3c0e40 under key 1 at location 1
Adding stores.MetaData@329dbdbf under key 2 at location 2
Adding stores.Collections@7354b8c5 under key 1 at location 1
Adding 1 under key 2 at location 2
Adding stores.MetaData@20d7d6fb under key 19 at location 19
Adding stores.MetaData@4ef782af under key 14 at location 14
Adding stores.MetaData@11d8ae8b under key 16 at location 16
Adding stores.MetaData@479cbee5 under key 10 at location 10
Adding stores.MetaData@59e2d8e3 under key 9 at location 9
Adding stores.MetaData@2b72cb8a under key 13 at location 13
Adding stores.MetaData@7f8a9499 under key 2 at location 2
Adding stores.MetaData@5d43661b under key 15 at location 15
Adding stores.MetaData@12299890 under key 18 at location 18
Adding stores.MetaData@2fba3fc4 under key 6 at location 6
Adding stores.MetaData@4bf48f6 under key 5 at location 5
Adding stores.MetaData@420a85c4 under key 11 at location 11
Adding stores.MetaData@1c39680d under key 3 at location 3
Adding stores.MetaData@62833051 under key 12 at location 12
Adding stores.MetaData@1c852c0f under key 0 at location 0
Adding stores.MetaData@a37aefe under key 1 at location 1
Adding stores.MetaData@5d99c6b5 under key 4 at location 4
Adding stores.MetaData@266374ef under key 8 at location 8
Adding stores.MetaData@13b3d178 under key 17 at location 17
Adding stores.MetaData@24c4ddae under key 7 at location 7

Starting testAddToCollectionNeg...
Adding stores.MetaData@37fb0bed under key 1 at location 1
Adding stores.MetaData@a82c5f1 under key 2 at location 2
Adding stores.Collections@7b7fdc8 under key 1 at location 1
Adding 1 under key 2 at location 2
Adding stores.MetaData@51c693d under key 9 at location 9
Adding stores.MetaData@6a57ae10 under key 3 at location 3
Adding stores.MetaData@766653e6 under key 10 at location 10
Adding stores.MetaData@4e07b95f under key 5 at location 5
Adding stores.MetaData@28b46423 under key 15 at location 15
Adding stores.MetaData@7fc4780b under key 1 at location 1
Adding stores.MetaData@3b79fd76 under key 16 at location 16
Adding stores.MetaData@48c76607 under key 19 at location 19
Adding stores.MetaData@43599640 under key 2 at location 2
Adding stores.MetaData@1f81aa00 under key 0 at location 0
Adding stores.MetaData@6b6776cb under key 11 at location 11
Adding stores.MetaData@1863d2fe under key 17 at location 17
Adding stores.MetaData@1787bc24 under key 7 at location 7
Adding stores.MetaData@544d57e under key 4 at location 4
Adding stores.MetaData@55c53a33 under key 12 at location 12
Adding stores.MetaData@53b7f657 under key 14 at location 14
Adding stores.MetaData@797b0699 under key 18 at location 18
Adding stores.MetaData@5a37d3ed under key 6 at location 6
Adding stores.MetaData@26df6e3a under key 13 at location 13
Adding stores.MetaData@4a3631f8 under key 8 at location 8

Starting testAddToCollectionPos...
Adding stores.MetaData@6b58b9e9 under key 1 at location 1
Adding stores.MetaData@f14a7d4 under key 2 at location 2
Adding stores.Collections@52e7a6b2 under key 1 at location 1
Adding 1 under key 2 at location 2
Adding stores.MetaData@29a5f4e7 under key 19 at location 19
Adding stores.MetaData@79c97cb under key 11 at location 11
Adding stores.MetaData@2d9caaeb under key 18 at location 18
Adding stores.MetaData@42a15bdc under key 13 at location 13
Adding stores.MetaData@44a59da3 under key 14 at location 14
Adding stores.MetaData@27e47833 under key 5 at location 5
Adding stores.MetaData@6f6745d6 under key 17 at location 17
Adding stores.MetaData@27508c5d under key 9 at location 9
Adding stores.MetaData@4f704591 under key 0 at location 0
Adding stores.MetaData@4b5189ac under key 1 at location 1
Adding stores.MetaData@1e4d3ce5 under key 7 at location 7
Adding stores.MetaData@3ddc6915 under key 12 at location 12
Adding stores.MetaData@704deff2 under key 6 at location 6
Adding stores.MetaData@379614be under key 8 at location 8
Adding stores.MetaData@404bbcbd under key 16 at location 16
Adding stores.MetaData@1e81f160 under key 15 at location 15
Adding stores.MetaData@1acaf3d under key 2 at location 2
Adding stores.MetaData@6986852 under key 4 at location 4
Adding stores.MetaData@1bab8268 under key 3 at location 3
Adding stores.MetaData@a307a8c under key 10 at location 10

Starting testAdultPos...
Adding stores.MetaData@6e01f9b0 under key 1 at location 1
Adding stores.MetaData@2b9ed6da under key 2 at location 2
Adding stores.Collections@6c61a903 under key 1 at location 1
Adding 1 under key 2 at location 2
Adding stores.MetaData@658c5a19 under key 2 at location 2
Adding stores.MetaData@421e361 under key 14 at location 14
Adding stores.MetaData@59d4cd39 under key 17 at location 17
Adding stores.MetaData@389c4eb1 under key 13 at location 13
Adding stores.MetaData@3fc79729 under key 11 at location 11
Adding stores.MetaData@34f6515b under key 10 at location 10
Adding stores.MetaData@4b34fff9 under key 5 at location 5
Adding stores.MetaData@1187c9e8 under key 4 at location 4
Adding stores.MetaData@127a7a2e under key 15 at location 15
Adding stores.MetaData@14008db3 under key 19 at location 19
Adding stores.MetaData@78a773fd under key 0 at location 0
Adding stores.MetaData@57c03d88 under key 12 at location 12
Adding stores.MetaData@16aa8654 under key 16 at location 16
Adding stores.MetaData@6d7fc27 under key 18 at location 18
Adding stores.MetaData@45ac5f9b under key 9 at location 9
Adding stores.MetaData@135606db under key 1 at location 1
Adding stores.MetaData@518caac3 under key 7 at location 7
Adding stores.MetaData@68034211 under key 8 at location 8
Adding stores.MetaData@4f74980d under key 3 at location 3
Adding stores.MetaData@6c372fe6 under key 6 at location 6

Starting testGenreNeg...
Adding stores.MetaData@58594a11 under key 1 at location 1
Adding stores.MetaData@2a3888c1 under key 2 at location 2
Adding stores.Collections@4167d97b under key 1 at location 1
Adding 1 under key 2 at location 2
Adding stores.MetaData@14fa86ae under key 11 at location 11
Adding stores.MetaData@6e15fe2 under key 1 at location 1
Adding stores.MetaData@68f1b17f under key 2 at location 2
Adding stores.MetaData@1722011b under key 4 at location 4
Adding stores.MetaData@57ad2aa7 under key 16 at location 16
Adding stores.MetaData@5b3f61ff under key 17 at location 17
Adding stores.MetaData@3e2059ae under key 10 at location 10
Adding stores.MetaData@398dada8 under key 19 at location 19
Adding stores.MetaData@7cb502c under key 13 at location 13
Adding stores.MetaData@275bf9b3 under key 12 at location 12
Adding stores.MetaData@1b8a29df under key 14 at location 14
Adding stores.MetaData@4fbe37eb under key 9 at location 9
Adding stores.MetaData@12a94400 under key 7 at location 7
Adding stores.MetaData@6a47b187 under key 15 at location 15
Adding stores.MetaData@2049a9c1 under key 8 at location 8
Adding stores.MetaData@1ef6d34c under key 3 at location 3
Adding stores.MetaData@46271dd6 under key 5 at location 5
Adding stores.MetaData@11bb571c under key 6 at location 6
Adding stores.MetaData@7c51f34b under key 18 at location 18
Adding stores.MetaData@5495333e under key 0 at location 0

Starting testGetAdultAll...
Adding stores.MetaData@2a225dd7 under key 1 at location 1
Adding stores.MetaData@61eaec38 under key 2 at location 2
Adding stores.Collections@125290e5 under key 1 at location 1
Adding 1 under key 2 at location 2
Adding stores.MetaData@6fa34d52 under key 18 at location 18
Adding stores.MetaData@57576994 under key 14 at location 14
Adding stores.MetaData@616ac46a under key 4 at location 4
Adding stores.MetaData@67b9b51a under key 8 at location 8
Adding stores.MetaData@1205bd62 under key 5 at location 5
Adding stores.MetaData@7ef27d7f under key 13 at location 13
Adding stores.MetaData@490caf5f under key 3 at location 3
Adding stores.MetaData@6337c201 under key 10 at location 10
Adding stores.MetaData@5c669da8 under key 11 at location 11
Adding stores.MetaData@31920ade under key 15 at location 15
Adding stores.MetaData@1d483de4 under key 2 at location 2
Adding stores.MetaData@4032d386 under key 7 at location 7
Adding stores.MetaData@28d18df5 under key 6 at location 6
Adding stores.MetaData@934b6cb under key 0 at location 0
Adding stores.MetaData@55cf0d14 under key 16 at location 16
Adding stores.MetaData@3b74ac8 under key 9 at location 9
Adding stores.MetaData@27adc16e under key 12 at location 12
Adding stores.MetaData@b83a9be under key 1 at location 1
Adding stores.MetaData@2609b277 under key 19 at location 19
Adding stores.MetaData@1fd14d74 under key 17 at location 17

Starting testGetAdultNeg...
Adding stores.MetaData@563e4951 under key 1 at location 1
Adding stores.MetaData@4066c471 under key 2 at location 2
Adding stores.Collections@2b175c00 under key 1 at location 1
Adding 1 under key 2 at location 2
Adding stores.MetaData@3eb81efb under key 19 at location 19
Adding stores.MetaData@1ae8bcbc under key 18 at location 18
Adding stores.MetaData@6cdba6dc under key 8 at location 8
Adding stores.MetaData@7d3d101b under key 5 at location 5
Adding stores.MetaData@30c8681 under key 2 at location 2
Adding stores.MetaData@5cdec700 under key 6 at location 6
Adding stores.MetaData@6d026701 under key 17 at location 17
Adding stores.MetaData@78aa1f72 under key 0 at location 0
Adding stores.MetaData@1f75a668 under key 10 at location 10
Adding stores.MetaData@35399441 under key 12 at location 12
Adding stores.MetaData@4b7dc788 under key 14 at location 14
Adding stores.MetaData@6304101a under key 13 at location 13
Adding stores.MetaData@5170bcf4 under key 7 at location 7
Adding stores.MetaData@2812b107 under key 9 at location 9
Adding stores.MetaData@df6620a under key 11 at location 11
Adding stores.MetaData@4e31276e under key 1 at location 1
Adding stores.MetaData@1a72a540 under key 16 at location 16
Adding stores.MetaData@27d5a580 under key 15 at location 15
Adding stores.MetaData@198d6542 under key 4 at location 4
Adding stores.MetaData@5e403b4a under key 3 at location 3

Starting testGetAllIDs...
Adding stores.MetaData@5117dd67 under key 1 at location 1
Adding stores.MetaData@5be49b60 under key 2 at location 2
Adding stores.Collections@2931522b under key 1 at location 1
Adding 1 under key 2 at location 2
Adding stores.MetaData@7674b62c under key 18 at location 18
Adding stores.MetaData@19e7a160 under key 7 at location 7
Adding stores.MetaData@662706a7 under key 17 at location 17
Adding stores.MetaData@45a4b042 under key 15 at location 15
Adding stores.MetaData@16b2bb0c under key 6 at location 6
Adding stores.MetaData@327af41b under key 4 at location 4
Adding stores.MetaData@6cb6decd under key 8 at location 8
Adding stores.MetaData@c7045b9 under key 0 at location 0
Adding stores.MetaData@f99f5e0 under key 2 at location 2
Adding stores.MetaData@6aa61224 under key 9 at location 9
Adding stores.MetaData@30bce90b under key 10 at location 10
Adding stores.MetaData@3e6f3f28 under key 13 at location 13
Adding stores.MetaData@7e19ebf0 under key 1 at location 1
Adding stores.MetaData@2474f125 under key 3 at location 3
Adding stores.MetaData@7357a011 under key 19 at location 19
Adding stores.MetaData@3406472c under key 16 at location 16
Adding stores.MetaData@5717c37 under key 5 at location 5
Adding stores.MetaData@68f4865 under key 11 at location 11
Adding stores.MetaData@4816278d under key 14 at location 14
Adding stores.MetaData@4eaf3684 under key 12 at location 12

Starting testGetAllIDsReleasedInRangeNeg...
Adding stores.MetaData@40317ba2 under key 1 at location 1
Adding stores.MetaData@3c01cfa1 under key 2 at location 2
Adding stores.Collections@45d2ade3 under key 1 at location 1
Adding 1 under key 2 at location 2
Adding stores.MetaData@727eb8cb under key 4 at location 4
Adding stores.MetaData@39d9314d under key 9 at location 9
Adding stores.MetaData@b978d10 under key 18 at location 18
Adding stores.MetaData@5b7a8434 under key 16 at location 16
Adding stores.MetaData@5c45d770 under key 3 at location 3
Adding stores.MetaData@2ce6c6ec under key 6 at location 6
Adding stores.MetaData@1bae316d under key 12 at location 12
Adding stores.MetaData@147a5d08 under key 19 at location 19
Adding stores.MetaData@6676f6a0 under key 5 at location 5
Adding stores.MetaData@7cbd9d24 under key 11 at location 11
Adding stores.MetaData@1672fe87 under key 17 at location 17
Adding stores.MetaData@5026735c under key 2 at location 2
Adding stores.MetaData@1b45c0e under key 15 at location 15
Adding stores.MetaData@11f0a5a1 under key 0 at location 0
Adding stores.MetaData@10f7f7de under key 13 at location 13
Adding stores.MetaData@73a8da0f under key 7 at location 7
Adding stores.MetaData@50dfbc58 under key 1 at location 1
Adding stores.MetaData@4416d64f under key 14 at location 14
Adding stores.MetaData@6bf08014 under key 8 at location 8
Adding stores.MetaData@5e3d57c7 under key 10 at location 10

Starting testGetAllIDsReleasedInRangePos...
Adding stores.MetaData@6ee4d9ab under key 1 at location 1
Adding stores.MetaData@5a5338df under key 2 at location 2
Adding stores.Collections@418c5a9c under key 1 at location 1
Adding 1 under key 2 at location 2
Adding stores.MetaData@18e36d14 under key 16 at location 16
Adding stores.MetaData@5082d622 under key 17 at location 17
Adding stores.MetaData@13d4992d under key 6 at location 6
Adding stores.MetaData@302f7971 under key 3 at location 3
Adding stores.MetaData@332729ad under key 5 at location 5
Adding stores.MetaData@75d2da2d under key 8 at location 8
Adding stores.MetaData@4278284b under key 15 at location 15
Adding stores.MetaData@9573584 under key 12 at location 12
Adding stores.MetaData@3370f42 under key 18 at location 18
Adding stores.MetaData@6057aebb under key 2 at location 2
Adding stores.MetaData@63eef88a under key 7 at location 7
Adding stores.MetaData@53251a66 under key 19 at location 19
Adding stores.MetaData@6853425f under key 0 at location 0
Adding stores.MetaData@352c1b98 under key 4 at location 4
Adding stores.MetaData@21129f1f under key 14 at location 14
Adding stores.MetaData@5a9f4771 under key 13 at location 13
Adding stores.MetaData@282cb7c7 under key 11 at location 11
Adding stores.MetaData@7d898981 under key 9 at location 9
Adding stores.MetaData@48d61b48 under key 10 at location 10
Adding stores.MetaData@68d279ec under key 1 at location 1

Starting testGetBudgetAll...
Adding stores.MetaData@258d79be under key 1 at location 1
Adding stores.MetaData@14f9390f under key 2 at location 2
Adding stores.Collections@6c0d7c83 under key 1 at location 1
Adding 1 under key 2 at location 2
Adding stores.MetaData@176b75f7 under key 13 at location 13
Adding stores.MetaData@5965be2d under key 9 at location 9
Adding stores.MetaData@409c54f under key 6 at location 6
Adding stores.MetaData@3e74829 under key 11 at location 11
Adding stores.MetaData@4f6f416f under key 18 at location 18
Adding stores.MetaData@3b8f0a79 under key 17 at location 17
Adding stores.MetaData@71e693fa under key 4 at location 4
Adding stores.MetaData@48793bef under key 10 at location 10
Adding stores.MetaData@7d286fb6 under key 14 at location 14
Adding stores.MetaData@3eb77ea8 under key 15 at location 15
Adding stores.MetaData@7b8b43c7 under key 1 at location 1
Adding stores.MetaData@7aaca91a under key 12 at location 12
Adding stores.MetaData@44c73c26 under key 16 at location 16
Adding stores.MetaData@41005828 under key 0 at location 0
Adding stores.MetaData@60b4beb4 under key 5 at location 5
Adding stores.MetaData@7fcf2fc1 under key 8 at location 8
Adding stores.MetaData@2141a12 under key 3 at location 3
Adding stores.MetaData@4196c360 under key 7 at location 7
Adding stores.MetaData@41294f8 under key 2 at location 2
Adding stores.MetaData@225129c under key 19 at location 19

Starting testGetBudgetNeg...
Adding stores.MetaData@20435c40 under key 1 at location 1
Adding stores.MetaData@573906eb under key 2 at location 2
Adding stores.Collections@479ceda0 under key 1 at location 1
Adding 1 under key 2 at location 2
Adding stores.MetaData@6d07a63d under key 0 at location 0
Adding stores.MetaData@571c5681 under key 11 at location 11
Adding stores.MetaData@488d1cd7 under key 3 at location 3
Adding stores.MetaData@68dc098b under key 10 at location 10
Adding stores.MetaData@38ba6ce3 under key 7 at location 7
Adding stores.MetaData@d278d2b under key 14 at location 14
Adding stores.MetaData@2d6c53fc under key 2 at location 2
Adding stores.MetaData@25f4878b under key 6 at location 6
Adding stores.MetaData@4e423aa2 under key 16 at location 16
Adding stores.MetaData@7fbdb894 under key 12 at location 12
Adding stores.MetaData@3081f72c under key 17 at location 17
Adding stores.MetaData@3148f668 under key 19 at location 19
Adding stores.MetaData@6e005dc9 under key 1 at location 1
Adding stores.MetaData@7ceb3185 under key 18 at location 18
Adding stores.MetaData@436c81a3 under key 5 at location 5
Adding stores.MetaData@3561c410 under key 8 at location 8
Adding stores.MetaData@59e32960 under key 4 at location 4
Adding stores.MetaData@7c214cc0 under key 13 at location 13
Adding stores.MetaData@5b67bb7e under key 15 at location 15
Adding stores.MetaData@609db546 under key 9 at location 9

Starting testGetBudgetPos...
1
Adding stores.MetaData@20f5281c under key 1 at location 1
Adding stores.MetaData@56c4278e under key 2 at location 2
Adding stores.Collections@301eda63 under key 1 at location 1
Adding 1 under key 2 at location 2
Adding stores.MetaData@3d246ea3 under key 17 at location 17
Adding stores.MetaData@341814d3 under key 18 at location 18
Adding stores.MetaData@4397ad89 under key 5 at location 5
Adding stores.MetaData@59cba5a under key 6 at location 6
Adding stores.MetaData@1bd39d3c under key 1 at location 1
Adding stores.MetaData@6f19ac19 under key 8 at location 8
Adding stores.MetaData@119cbf96 under key 19 at location 19
Adding stores.MetaData@71329995 under key 14 at location 14
Adding stores.MetaData@768fc0f2 under key 9 at location 9
Adding stores.MetaData@5454d35e under key 16 at location 16
Adding stores.MetaData@20c0a64d under key 13 at location 13
Adding stores.MetaData@455b6df1 under key 10 at location 10
Adding stores.MetaData@4ddbbdf8 under key 15 at location 15
Adding stores.MetaData@3f67593e under key 3 at location 3
Adding stores.MetaData@1ab06251 under key 0 at location 0
Adding stores.MetaData@41ab013 under key 12 at location 12
Adding stores.MetaData@14bee915 under key 2 at location 2
Adding stores.MetaData@1115ec15 under key 7 at location 7
Adding stores.MetaData@82ea68c under key 11 at location 11
Adding stores.MetaData@59e505b2 under key 4 at location 4

Starting testGetCollectionBackdropNeg...
Adding stores.MetaData@3af0a9da under key 1 at location 1
Adding stores.MetaData@43b9fd5 under key 2 at location 2
Adding stores.Collections@79dc5318 under key 1 at location 1
Adding 1 under key 2 at location 2
Adding stores.MetaData@8e50104 under key 4 at location 4
Adding stores.MetaData@37e4d7bb under key 0 at location 0
Adding stores.MetaData@6f7923a5 under key 5 at location 5
Adding stores.MetaData@74a6f9c1 under key 15 at location 15
Adding stores.MetaData@54eb2b70 under key 14 at location 14
Adding stores.MetaData@45a37759 under key 1 at location 1
Adding stores.MetaData@63611043 under key 11 at location 11
Adding stores.MetaData@20ca951f under key 18 at location 18
Adding stores.MetaData@2d778add under key 2 at location 2
Adding stores.MetaData@73302995 under key 6 at location 6
Adding stores.MetaData@1838ccb8 under key 17 at location 17
Adding stores.MetaData@6c2ed0cd under key 13 at location 13
Adding stores.MetaData@7d9e8ef7 under key 19 at location 19
Adding stores.MetaData@f107c50 under key 7 at location 7
Adding stores.MetaData@51133c06 under key 12 at location 12
Adding stores.MetaData@4b213651 under key 10 at location 10
Adding stores.MetaData@4241e0f4 under key 3 at location 3
Adding stores.MetaData@4ebff610 under key 16 at location 16
Adding stores.MetaData@60410cd under key 8 at location 8
Adding stores.MetaData@44d52de2 under key 9 at location 9

Starting testGetCollectionBackdropPos...
Adding stores.MetaData@95e33cc under key 1 at location 1
Adding stores.MetaData@38604b81 under key 2 at location 2
Adding stores.Collections@1e44b638 under key 1 at location 1
Adding 1 under key 2 at location 2
Adding stores.MetaData@7393222f under key 1 at location 1
Adding stores.MetaData@babafc2 under key 6 at location 6
Adding stores.MetaData@31add175 under key 13 at location 13
Adding stores.MetaData@ae3540e under key 12 at location 12
Adding stores.MetaData@600b9d27 under key 2 at location 2
Adding stores.MetaData@3688eb5b under key 3 at location 3
Adding stores.MetaData@69f1a286 under key 15 at location 15
Adding stores.MetaData@7922d892 under key 5 at location 5
Adding stores.MetaData@457c9034 under key 19 at location 19
Adding stores.MetaData@345f69f3 under key 11 at location 11
Adding stores.MetaData@50de186c under key 0 at location 0
Adding stores.MetaData@3f57bcad under key 16 at location 16
Adding stores.MetaData@1e8b7643 under key 8 at location 8
Adding stores.MetaData@51549490 under key 14 at location 14
Adding stores.MetaData@71e9ebae under key 4 at location 4
Adding stores.MetaData@73d983ea under key 10 at location 10
Adding stores.MetaData@36a5cabc under key 7 at location 7
Adding stores.MetaData@432038ec under key 17 at location 17
Adding stores.MetaData@7daa0fbd under key 18 at location 18
Adding stores.MetaData@42530531 under key 9 at location 9

Starting testGetCollectionIDNeg...
Adding stores.MetaData@5a3bc7ed under key 1 at location 1
Adding stores.MetaData@181e731e under key 2 at location 2
Adding stores.Collections@35645047 under key 1 at location 1
Adding 1 under key 2 at location 2
Adding stores.MetaData@6f44a157 under key 18 at location 18
Adding stores.MetaData@6bc407fd under key 13 at location 13
Adding stores.MetaData@291f18 under key 9 at location 9
Adding stores.MetaData@17d88132 under key 3 at location 3
Adding stores.MetaData@5ddcc487 under key 12 at location 12
Adding stores.MetaData@16eccb2e under key 16 at location 16
Adding stores.MetaData@5ef5c734 under key 11 at location 11
Adding stores.MetaData@d771cc9 under key 17 at location 17
Adding stores.MetaData@36b4091c under key 19 at location 19
Adding stores.MetaData@4671115f under key 2 at location 2
Adding stores.MetaData@36cda2c2 under key 1 at location 1
Adding stores.MetaData@3697186 under key 4 at location 4
Adding stores.MetaData@1583741e under key 8 at location 8
Adding stores.MetaData@5b367418 under key 6 at location 6
Adding stores.MetaData@36060e under key 5 at location 5
Adding stores.MetaData@481ba2cf under key 15 at location 15
Adding stores.MetaData@46b61c56 under key 0 at location 0
Adding stores.MetaData@2e48362c under key 7 at location 7
Adding stores.MetaData@1efe439d under key 14 at location 14
Adding stores.MetaData@be68757 under key 10 at location 10

Starting testGetCollectionIDPos...
Adding stores.MetaData@7d446ed1 under key 1 at location 1
Adding stores.MetaData@12d2ce03 under key 2 at location 2
Adding stores.Collections@7e5c856f under key 1 at location 1
Adding 1 under key 2 at location 2
Adding stores.MetaData@413f69cc under key 5 at location 5
Adding stores.MetaData@1f53a5dc under key 6 at location 6
Adding stores.MetaData@1b75c2e3 under key 12 at location 12
Adding stores.MetaData@1984b1f under key 4 at location 4
Adding stores.MetaData@3bd323e9 under key 10 at location 10
Adding stores.MetaData@39ac0c0a under key 11 at location 11
Adding stores.MetaData@c7ba306 under key 15 at location 15
Adding stores.MetaData@4ff8d125 under key 18 at location 18
Adding stores.MetaData@6d167f58 under key 8 at location 8
Adding stores.MetaData@3403e2ac under key 1 at location 1
Adding stores.MetaData@65b104b9 under key 19 at location 19
Adding stores.MetaData@6c4980d3 under key 17 at location 17
Adding stores.MetaData@327bcebd under key 13 at location 13
Adding stores.MetaData@19c65cdc under key 14 at location 14
Adding stores.MetaData@74bf1791 under key 9 at location 9
Adding stores.MetaData@54504ecd under key 0 at location 0
Adding stores.MetaData@38b27cdc under key 7 at location 7
Adding stores.MetaData@1339e7aa under key 16 at location 16
Adding stores.MetaData@1fb669c3 under key 2 at location 2
Adding stores.MetaData@49c66ade under key 3 at location 3

Starting testGetCollectionNameNeg...
Adding stores.MetaData@6239aba6 under key 1 at location 1
Adding stores.MetaData@3e6104fc under key 2 at location 2
Adding stores.Collections@12359a82 under key 1 at location 1
Adding 1 under key 2 at location 2
Adding stores.MetaData@68df9280 under key 19 at location 19
Adding stores.MetaData@479460a6 under key 4 at location 4
Adding stores.MetaData@7164ca4c under key 10 at location 10
Adding stores.MetaData@4f3bbf68 under key 6 at location 6
Adding stores.MetaData@5be46f9d under key 17 at location 17
Adding stores.MetaData@3f91b517 under key 2 at location 2
Adding stores.MetaData@68702e03 under key 1 at location 1
Adding stores.MetaData@7a220c9a under key 15 at location 15
Adding stores.MetaData@2421cc4 under key 18 at location 18
Adding stores.MetaData@30c93896 under key 13 at location 13
Adding stores.MetaData@59a008ba under key 14 at location 14
Adding stores.MetaData@338c99c8 under key 5 at location 5
Adding stores.MetaData@21ba0741 under key 9 at location 9
Adding stores.MetaData@58ce9668 under key 11 at location 11
Adding stores.MetaData@172b013 under key 0 at location 0
Adding stores.MetaData@56673b2c under key 8 at location 8
Adding stores.MetaData@2796aeae under key 7 at location 7
Adding stores.MetaData@b4711e2 under key 3 at location 3
Adding stores.MetaData@1fa1cab1 under key 12 at location 12
Adding stores.MetaData@70f02c32 under key 16 at location 16

Starting testGetCollectionNamePos...
Adding stores.MetaData@62010f5c under key 1 at location 1
Adding stores.MetaData@51fadaff under key 2 at location 2
Adding stores.Collections@401f7633 under key 1 at location 1
Adding 1 under key 2 at location 2
Adding stores.MetaData@31ff43be under key 7 at location 7
Adding stores.MetaData@5b6ec132 under key 8 at location 8
Adding stores.MetaData@5c44c582 under key 1 at location 1
Adding stores.MetaData@67d18ed7 under key 10 at location 10
Adding stores.MetaData@2c78d320 under key 2 at location 2
Adding stores.MetaData@132e0cc under key 16 at location 16
Adding stores.MetaData@7b205dbd under key 0 at location 0
Adding stores.MetaData@106cc338 under key 4 at location 4
Adding stores.MetaData@7a67e3c6 under key 3 at location 3
Adding stores.MetaData@6cc558c6 under key 14 at location 14
Adding stores.MetaData@15713d56 under key 13 at location 13
Adding stores.MetaData@63f259c3 under key 18 at location 18
Adding stores.MetaData@26ceffa8 under key 19 at location 19
Adding stores.MetaData@600b90df under key 9 at location 9
Adding stores.MetaData@7c8c9a05 under key 12 at location 12
Adding stores.MetaData@d41f816 under key 6 at location 6
Adding stores.MetaData@5c2375a9 under key 17 at location 17
Adding stores.MetaData@60129b9a under key 15 at location 15
Adding stores.MetaData@78d6692f under key 11 at location 11
Adding stores.MetaData@7a55af6b under key 5 at location 5

Starting testGetCollectionPosterNeg...
Adding stores.MetaData@3d9c13b5 under key 1 at location 1
Adding stores.MetaData@492691d7 under key 2 at location 2
Adding stores.Collections@27216cd under key 1 at location 1
Adding 1 under key 2 at location 2
Adding stores.MetaData@558bdf1f under key 8 at location 8
Adding stores.MetaData@8576fa0 under key 6 at location 6
Adding stores.MetaData@7582ff54 under key 12 at location 12
Adding stores.MetaData@67545b57 under key 4 at location 4
Adding stores.MetaData@6c2c1385 under key 0 at location 0
Adding stores.MetaData@5f354bcf under key 18 at location 18
Adding stores.MetaData@3daf7722 under key 9 at location 9
Adding stores.MetaData@78641d23 under key 2 at location 2
Adding stores.MetaData@74589991 under key 15 at location 15
Adding stores.MetaData@146dfe6 under key 1 at location 1
Adding stores.MetaData@4716be8b under key 10 at location 10
Adding stores.MetaData@1fc32e4f under key 19 at location 19
Adding stores.MetaData@2f67b837 under key 3 at location 3
Adding stores.MetaData@1869fbd2 under key 14 at location 14
Adding stores.MetaData@6af9fcb2 under key 5 at location 5
Adding stores.MetaData@6cce16f4 under key 13 at location 13
Adding stores.MetaData@7efaad5a under key 7 at location 7
Adding stores.MetaData@291a7e3c under key 16 at location 16
Adding stores.MetaData@ca30bc1 under key 17 at location 17
Adding stores.MetaData@1046d517 under key 11 at location 11

Starting testGetCollectionPosterPos...
Adding stores.MetaData@3b7d3a38 under key 1 at location 1
Adding stores.MetaData@416c58f5 under key 2 at location 2
Adding stores.Collections@5505ae1a under key 1 at location 1
Adding 1 under key 2 at location 2
Adding stores.MetaData@73cd37c0 under key 10 at location 10
Adding stores.MetaData@21337f7b under key 7 at location 7
Adding stores.MetaData@2bb3058 under key 18 at location 18
Adding stores.MetaData@7a362b6b under key 1 at location 1
Adding stores.MetaData@60df60da under key 3 at location 3
Adding stores.MetaData@5a2d131d under key 17 at location 17
Adding stores.MetaData@14fc1f0 under key 2 at location 2
Adding stores.MetaData@4ae9cfc1 under key 4 at location 4
Adding stores.MetaData@512baff6 under key 5 at location 5
Adding stores.MetaData@632ceb35 under key 16 at location 16
Adding stores.MetaData@1c93f6e1 under key 11 at location 11
Adding stores.MetaData@1800a575 under key 0 at location 0
Adding stores.MetaData@1458ed9c under key 13 at location 13
Adding stores.MetaData@10a9d961 under key 9 at location 9
Adding stores.MetaData@130e116b under key 6 at location 6
Adding stores.MetaData@e383572 under key 14 at location 14
Adding stores.MetaData@5ddf0d24 under key 12 at location 12
Adding stores.MetaData@363a52f under key 8 at location 8
Adding stores.MetaData@60856961 under key 19 at location 19
Adding stores.MetaData@2fd953a6 under key 15 at location 15

Starting testGetFilmsInCollectionNeg...
Adding stores.MetaData@a4add54 under key 1 at location 1
Adding stores.MetaData@141e5bef under key 2 at location 2
Adding stores.Collections@5f9be66c under key 1 at location 1
Adding 1 under key 2 at location 2
Adding stores.MetaData@3abada5a under key 8 at location 8
Adding stores.MetaData@66c61024 under key 10 at location 10
Adding stores.MetaData@61fe30 under key 4 at location 4
Adding stores.MetaData@c9d0d6 under key 14 at location 14
Adding stores.MetaData@6ccdb29f under key 11 at location 11
Adding stores.MetaData@3adcc812 under key 16 at location 16
Adding stores.MetaData@35432107 under key 3 at location 3
Adding stores.MetaData@7b420819 under key 5 at location 5
Adding stores.MetaData@7a1a14a4 under key 6 at location 6
Adding stores.MetaData@265adfad under key 9 at location 9
Adding stores.MetaData@a3d9978 under key 7 at location 7
Adding stores.MetaData@61544ae6 under key 0 at location 0
Adding stores.MetaData@4b41dd5c under key 17 at location 17
Adding stores.MetaData@3b96c42e under key 18 at location 18
Adding stores.MetaData@5d066c7d under key 13 at location 13
Adding stores.MetaData@1e461e41 under key 2 at location 2
Adding stores.MetaData@5ba88be8 under key 15 at location 15
Adding stores.MetaData@56928307 under key 1 at location 1
Adding stores.MetaData@3899782c under key 12 at location 12
Adding stores.MetaData@1603cd68 under key 19 at location 19

Starting testGetFilmsInCollectionPos...
Adding stores.MetaData@9ebe38b under key 1 at location 1
Adding stores.MetaData@4b23c30a under key 2 at location 2
Adding stores.Collections@38089a5a under key 1 at location 1
Adding 1 under key 2 at location 2
Adding stores.MetaData@30e868be under key 0 at location 0
Adding stores.MetaData@66c92293 under key 15 at location 15
Adding stores.MetaData@332796d3 under key 7 at location 7
Adding stores.MetaData@4f0100a7 under key 10 at location 10
Adding stores.MetaData@3cdf2c61 under key 12 at location 12
Adding stores.MetaData@13ad5cd3 under key 6 at location 6
Adding stores.MetaData@1c33c17b under key 8 at location 8
Adding stores.MetaData@5bf0fe62 under key 14 at location 14
Adding stores.MetaData@1e097d59 under key 19 at location 19
Adding stores.MetaData@673be18f under key 4 at location 4
Adding stores.MetaData@6581dc0a under key 13 at location 13
Adding stores.MetaData@39de3d36 under key 1 at location 1
Adding stores.MetaData@6ce86ce1 under key 3 at location 3
Adding stores.MetaData@54e7df6a under key 9 at location 9
Adding stores.MetaData@3fed2870 under key 17 at location 17
Adding stores.MetaData@77128536 under key 11 at location 11
Adding stores.MetaData@58326051 under key 16 at location 16
Adding stores.MetaData@32c4e8b2 under key 18 at location 18
Adding stores.MetaData@64bce832 under key 5 at location 5
Adding stores.MetaData@764faa6 under key 2 at location 2

Starting testGetGenreAll...
Adding stores.MetaData@4c1f22f3 under key 1 at location 1
Adding stores.MetaData@598bd2ba under key 2 at location 2
Adding stores.Collections@5a755cc1 under key 1 at location 1
Adding 1 under key 2 at location 2
Adding stores.MetaData@7ae42ce3 under key 4 at location 4
Adding stores.MetaData@4f5991f6 under key 5 at location 5
Adding stores.MetaData@484094a5 under key 9 at location 9
Adding stores.MetaData@38234a38 under key 18 at location 18
Adding stores.MetaData@63fbfaeb under key 2 at location 2
Adding stores.MetaData@602e0143 under key 3 at location 3
Adding stores.MetaData@2c07545f under key 10 at location 10
Adding stores.MetaData@e57b96d under key 0 at location 0
Adding stores.MetaData@32c726ee under key 19 at location 19
Adding stores.MetaData@22f31dec under key 6 at location 6
Adding stores.MetaData@34c01041 under key 1 at location 1
Adding stores.MetaData@76f4b65 under key 8 at location 8
Adding stores.MetaData@c94fd30 under key 15 at location 15
Adding stores.MetaData@36328d33 under key 11 at location 11
Adding stores.MetaData@2c4d1ac under key 16 at location 16
Adding stores.MetaData@7f0d96f2 under key 12 at location 12
Adding stores.MetaData@545b995e under key 14 at location 14
Adding stores.MetaData@76a2ddf3 under key 17 at location 17
Adding stores.MetaData@524f3b3a under key 13 at location 13
Adding stores.MetaData@41e68d87 under key 7 at location 7

Starting testGenrePos...
0
0
[Lstores.Genre;@49ff7d8c
Adding stores.MetaData@29526c05 under key 1 at location 1
Adding stores.MetaData@2ef14fe under key 2 at location 2
Adding stores.Collections@77102b91 under key 1 at location 1
Adding 1 under key 2 at location 2
Adding stores.MetaData@45312be2 under key 17 at location 17
Adding stores.MetaData@7fb95505 under key 6 at location 6
Adding stores.MetaData@58be6e8 under key 11 at location 11
Adding stores.MetaData@7331196b under key 1 at location 1
Adding stores.MetaData@3f9342d4 under key 3 at location 3
Adding stores.MetaData@ab7395e under key 16 at location 16
Adding stores.MetaData@50d13246 under key 4 at location 4
Adding stores.MetaData@2bd08376 under key 12 at location 12
Adding stores.MetaData@e70f13a under key 10 at location 10
Adding stores.MetaData@3d3e5463 under key 0 at location 0
Adding stores.MetaData@64a40280 under key 9 at location 9
Adding stores.MetaData@4b40f651 under key 18 at location 18
Adding stores.MetaData@42b02722 under key 7 at location 7
Adding stores.MetaData@d62fe5b under key 5 at location 5
Adding stores.MetaData@49964d75 under key 15 at location 15
Adding stores.MetaData@528c868 under key 8 at location 8
Adding stores.MetaData@466276d8 under key 14 at location 14
Adding stores.MetaData@5ce8d869 under key 2 at location 2
Adding stores.MetaData@27eedb64 under key 19 at location 19
Adding stores.MetaData@64c63c79 under key 13 at location 13

Starting testGetHomepageAll...
Adding stores.MetaData@31c7528f under key 1 at location 1
Adding stores.MetaData@2b76ff4e under key 2 at location 2
Adding stores.Collections@7a1234bf under key 1 at location 1
Adding 1 under key 2 at location 2
Adding stores.MetaData@2f62ea70 under key 9 at location 9
Adding stores.MetaData@24ba9639 under key 2 at location 2
Adding stores.MetaData@38aa816f under key 15 at location 15
Adding stores.MetaData@53f6fd09 under key 17 at location 17
Adding stores.MetaData@6bffbc6d under key 5 at location 5
Adding stores.MetaData@1b84f475 under key 0 at location 0
Adding stores.MetaData@7749bf93 under key 8 at location 8
Adding stores.MetaData@13330ac6 under key 1 at location 1
Adding stores.MetaData@539d019 under key 16 at location 16
Adding stores.MetaData@39a2bb97 under key 7 at location 7
Adding stores.MetaData@3ad2e17 under key 13 at location 13
Adding stores.MetaData@8c3619e under key 3 at location 3
Adding stores.MetaData@4331d187 under key 12 at location 12
Adding stores.MetaData@6f63b475 under key 10 at location 10
Adding stores.MetaData@554e218 under key 4 at location 4
Adding stores.MetaData@1608bcbd under key 14 at location 14
Adding stores.MetaData@5bf8fa12 under key 19 at location 19
Adding stores.MetaData@29ca3d04 under key 18 at location 18
Adding stores.MetaData@b2c5e07 under key 6 at location 6
Adding stores.MetaData@5812f68b under key 11 at location 11

Starting testGetHomepageNeg...
Adding stores.MetaData@4426bff1 under key 1 at location 1
Adding stores.MetaData@3c7c886c under key 2 at location 2
Adding stores.Collections@55493582 under key 1 at location 1
Adding 1 under key 2 at location 2
Adding stores.MetaData@1a20270e under key 3 at location 3
Adding stores.MetaData@6b88ca8c under key 1 at location 1
Adding stores.MetaData@336f1079 under key 10 at location 10
Adding stores.MetaData@2f16c6b3 under key 0 at location 0
Adding stores.MetaData@34158c08 under key 4 at location 4
Adding stores.MetaData@19e4fcac under key 18 at location 18
Adding stores.MetaData@52c3cb31 under key 8 at location 8
Adding stores.MetaData@4b79ac84 under key 5 at location 5
Adding stores.MetaData@53941c2f under key 14 at location 14
Adding stores.MetaData@6dab9b6d under key 2 at location 2
Adding stores.MetaData@21fd5faa under key 11 at location 11
Adding stores.MetaData@2766ca9d under key 12 at location 12
Adding stores.MetaData@5460cf3a under key 19 at location 19
Adding stores.MetaData@65a15628 under key 9 at location 9
Adding stores.MetaData@2e6a5539 under key 6 at location 6
Adding stores.MetaData@3fc9504b under key 15 at location 15
Adding stores.MetaData@6d025197 under key 13 at location 13
Adding stores.MetaData@27d4a09 under key 17 at location 17
Adding stores.MetaData@7e4204e2 under key 16 at location 16
Adding stores.MetaData@b7c4869 under key 7 at location 7

Starting testGetHomepagePos...
http://homepage.com/homepage
Adding stores.MetaData@740d2e78 under key 1 at location 1
Adding stores.MetaData@1c481ff2 under key 2 at location 2
Adding stores.Collections@72437d8d under key 1 at location 1
Adding 1 under key 2 at location 2
Adding stores.MetaData@1b955cac under key 18 at location 18
Adding stores.MetaData@676cf48 under key 1 at location 1
Adding stores.MetaData@5a1de7fb under key 14 at location 14
Adding stores.MetaData@335b5620 under key 8 at location 8
Adding stores.MetaData@29a0cdb under key 15 at location 15
Adding stores.MetaData@32a68f4f under key 10 at location 10
Adding stores.MetaData@73194df under key 6 at location 6
Adding stores.MetaData@6eb2384f under key 0 at location 0
Adding stores.MetaData@3c9c0d96 under key 3 at location 3
Adding stores.MetaData@3a4621bd under key 13 at location 13
Adding stores.MetaData@31dadd46 under key 4 at location 4
Adding stores.MetaData@4ed5eb72 under key 2 at location 2
Adding stores.MetaData@12f9af83 under key 5 at location 5
Adding stores.MetaData@19b93fa8 under key 19 at location 19
Adding stores.MetaData@7e6ef134 under key 16 at location 16
Adding stores.MetaData@1f010bf0 under key 9 at location 9
Adding stores.MetaData@40db2a24 under key 12 at location 12
Adding stores.MetaData@10cf09e8 under key 11 at location 11
Adding stores.MetaData@1921ad94 under key 17 at location 17
Adding stores.MetaData@ee86bcb under key 7 at location 7

Starting testGetIMDBNeg...
Adding stores.MetaData@177bea38 under key 1 at location 1
Adding stores.MetaData@7f132176 under key 2 at location 2
Adding stores.Collections@6bca7e0d under key 1 at location 1
Adding 1 under key 2 at location 2
Adding stores.MetaData@2631f68c under key 19 at location 19
Adding stores.MetaData@6ed3f258 under key 10 at location 10
Adding stores.MetaData@8ad6665 under key 15 at location 15
Adding stores.MetaData@30af5b6b under key 9 at location 9
Adding stores.MetaData@19835e64 under key 6 at location 6
Adding stores.MetaData@68b32e3e under key 7 at location 7
Adding stores.MetaData@bcef303 under key 17 at location 17
Adding stores.MetaData@41709512 under key 5 at location 5
Adding stores.MetaData@42039326 under key 1 at location 1
Adding stores.MetaData@33308786 under key 2 at location 2
Adding stores.MetaData@4f9a2c08 under key 12 at location 12
Adding stores.MetaData@a87f8ec under key 4 at location 4
Adding stores.MetaData@5443d039 under key 18 at location 18
Adding stores.MetaData@63787180 under key 16 at location 16
Adding stores.MetaData@7d1cfb8b under key 13 at location 13
Adding stores.MetaData@48e92c5c under key 8 at location 8
Adding stores.MetaData@2e1ef60 under key 3 at location 3
Adding stores.MetaData@22356acd under key 0 at location 0
Adding stores.MetaData@386f0da3 under key 11 at location 11
Adding stores.MetaData@39655d3e under key 14 at location 14

Starting testGetIMDBPos...
Adding stores.MetaData@34f22f9d under key 1 at location 1
Adding stores.MetaData@3d1848cc under key 2 at location 2
Adding stores.Collections@7dda48d9 under key 1 at location 1
Adding 1 under key 2 at location 2
Adding stores.MetaData@6e4566f1 under key 12 at location 12
Adding stores.MetaData@4b6e2263 under key 4 at location 4
Adding stores.MetaData@344f4dea under key 13 at location 13
Adding stores.MetaData@1b7c473a under key 6 at location 6
Adding stores.MetaData@5e4bd84a under key 9 at location 9
Adding stores.MetaData@648c94da under key 19 at location 19
Adding stores.MetaData@2a62b5bc under key 15 at location 15
Adding stores.MetaData@53de625d under key 3 at location 3
Adding stores.MetaData@535779e4 under key 7 at location 7
Adding stores.MetaData@53fd0d10 under key 0 at location 0
Adding stores.MetaData@6c0d9d86 under key 18 at location 18
Adding stores.MetaData@4ce1d6d0 under key 17 at location 17
Adding stores.MetaData@24111ef1 under key 5 at location 5
Adding stores.MetaData@1f3f02ee under key 8 at location 8
Adding stores.MetaData@1fde5d22 under key 11 at location 11
Adding stores.MetaData@5dcb4f5f under key 2 at location 2
Adding stores.MetaData@71812481 under key 1 at location 1
Adding stores.MetaData@16ce702d under key 10 at location 10
Adding stores.MetaData@7b94089b under key 16 at location 16
Adding stores.MetaData@7ca20101 under key 14 at location 14

Starting testGetLanguagesMany
Adding stores.MetaData@47f9738 under key 1 at location 1
Adding stores.MetaData@6155d082 under key 2 at location 2
Adding stores.Collections@3a5ecce3 under key 1 at location 1
Adding 1 under key 2 at location 2
Adding stores.MetaData@561868a0 under key 2 at location 2
Adding stores.MetaData@2ea6e30c under key 19 at location 19
Adding stores.MetaData@6138e79a under key 11 at location 11
Adding stores.MetaData@2dcd168a under key 13 at location 13
Adding stores.MetaData@388526fb under key 17 at location 17
Adding stores.MetaData@21a21c64 under key 1 at location 1
Adding stores.MetaData@7803bfd under key 4 at location 4
Adding stores.MetaData@42bc14c1 under key 5 at location 5
Adding stores.MetaData@531f4093 under key 0 at location 0
Adding stores.MetaData@62ef27a8 under key 8 at location 8
Adding stores.MetaData@6436a7db under key 16 at location 16
Adding stores.MetaData@460ebd80 under key 6 at location 6
Adding stores.MetaData@6f3c660a under key 18 at location 18
Adding stores.MetaData@74f5ce22 under key 7 at location 7
Adding stores.MetaData@25aca718 under key 12 at location 12
Adding stores.MetaData@16fdec90 under key 10 at location 10
Adding stores.MetaData@1afdd473 under key 3 at location 3
Adding stores.MetaData@40238dd0 under key 9 at location 9
Adding stores.MetaData@7776ab under key 14 at location 14
Adding stores.MetaData@79179359 under key 15 at location 15

Starting testGetLanguagesNeg
Adding stores.MetaData@dbd8e44 under key 1 at location 1
Adding stores.MetaData@51acdf2e under key 2 at location 2
Adding stores.Collections@6a55299e under key 1 at location 1
Adding 1 under key 2 at location 2
Adding stores.MetaData@2f1de2d6 under key 9 at location 9
Adding stores.MetaData@4eb386df under key 18 at location 18
Adding stores.MetaData@79517588 under key 12 at location 12
Adding stores.MetaData@3a0baae5 under key 17 at location 17
Adding stores.MetaData@7ac0e420 under key 19 at location 19
Adding stores.MetaData@289710d9 under key 2 at location 2
Adding stores.MetaData@5a18cd76 under key 0 at location 0
Adding stores.MetaData@3da30852 under key 15 at location 15
Adding stores.MetaData@403f0a22 under key 1 at location 1
Adding stores.MetaData@503ecb24 under key 4 at location 4
Adding stores.MetaData@4c51cf28 under key 7 at location 7
Adding stores.MetaData@6995bf68 under key 10 at location 10
Adding stores.MetaData@5143c662 under key 16 at location 16
Adding stores.MetaData@77825085 under key 14 at location 14
Adding stores.MetaData@3568f9d2 under key 3 at location 3
Adding stores.MetaData@71c27ee8 under key 5 at location 5
Adding stores.MetaData@3e7dd664 under key 6 at location 6
Adding stores.MetaData@5b1ebf56 under key 13 at location 13
Adding stores.MetaData@294a6b8e under key 8 at location 8
Adding stores.MetaData@4b1d6571 under key 11 at location 11

Starting testGetLanguagesPos
Adding stores.MetaData@1b835480 under key 1 at location 1
Adding stores.MetaData@3549bca9 under key 2 at location 2
Adding stores.Collections@4f25b795 under key 1 at location 1
Adding 1 under key 2 at location 2
Adding stores.MetaData@6fb365ed under key 19 at location 19
Adding stores.MetaData@6e950bcf under key 8 at location 8
Adding stores.MetaData@16414e40 under key 13 at location 13
Adding stores.MetaData@74bada02 under key 10 at location 10
Adding stores.MetaData@525575 under key 2 at location 2
Adding stores.MetaData@46dffdc3 under key 9 at location 9
Adding stores.MetaData@5a709816 under key 5 at location 5
Adding stores.MetaData@78383390 under key 17 at location 17
Adding stores.MetaData@6ad3381f under key 1 at location 1
Adding stores.MetaData@53dbe163 under key 4 at location 4
Adding stores.MetaData@db57326 under key 6 at location 6
Adding stores.MetaData@34a875b3 under key 11 at location 11
Adding stores.MetaData@4748a0f9 under key 0 at location 0
Adding stores.MetaData@4b14918a under key 12 at location 12
Adding stores.MetaData@6d1ef78d under key 14 at location 14
Adding stores.MetaData@1a6c1270 under key 7 at location 7
Adding stores.MetaData@18a136ac under key 15 at location 15
Adding stores.MetaData@77d67cf3 under key 16 at location 16
Adding stores.MetaData@6dee4f1b under key 3 at location 3
Adding stores.MetaData@176b3f44 under key 18 at location 18

Starting testGetOriginalLanguageAll...
Adding stores.MetaData@6ee6f53 under key 1 at location 1
Adding stores.MetaData@421bba99 under key 2 at location 2
Adding stores.Collections@5d12a356 under key 1 at location 1
Adding 1 under key 2 at location 2
Adding stores.MetaData@134d26af under key 9 at location 9
Adding stores.MetaData@66ac5762 under key 2 at location 2
Adding stores.MetaData@797cf65c under key 16 at location 16
Adding stores.MetaData@31bcf236 under key 12 at location 12
Adding stores.MetaData@4b3ed2f0 under key 7 at location 7
Adding stores.MetaData@4fad9bb2 under key 14 at location 14
Adding stores.MetaData@517d4a0d under key 1 at location 1
Adding stores.MetaData@7862f56 under key 3 at location 3
Adding stores.MetaData@3a12c404 under key 13 at location 13
Adding stores.MetaData@1941a8ff under key 0 at location 0
Adding stores.MetaData@22d7b4f8 under key 8 at location 8
Adding stores.MetaData@149dd36b under key 5 at location 5
Adding stores.MetaData@38831718 under key 19 at location 19
Adding stores.MetaData@2c1156a7 under key 6 at location 6
Adding stores.MetaData@33fe57a9 under key 4 at location 4
Adding stores.MetaData@4982cc36 under key 17 at location 17
Adding stores.MetaData@691939c9 under key 15 at location 15
Adding stores.MetaData@4f1bfe23 under key 11 at location 11
Adding stores.MetaData@e19bb76 under key 18 at location 18
Adding stores.MetaData@512535ff under key 10 at location 10

Starting testGetOriginalLanguageNeg...
Adding stores.MetaData@71529963 under key 1 at location 1
Adding stores.MetaData@61a88b8c under key 2 at location 2
Adding stores.Collections@22295ec4 under key 1 at location 1
Adding 1 under key 2 at location 2
Adding stores.MetaData@5adb0db3 under key 14 at location 14
Adding stores.MetaData@3f270e0a under key 6 at location 6
Adding stores.MetaData@1a760689 under key 16 at location 16
Adding stores.MetaData@7241a47d under key 17 at location 17
Adding stores.MetaData@70f59913 under key 13 at location 13
Adding stores.MetaData@77258e59 under key 18 at location 18
Adding stores.MetaData@5dcd8c7a under key 9 at location 9
Adding stores.MetaData@2250b9f2 under key 10 at location 10
Adding stores.MetaData@7e3181aa under key 5 at location 5
Adding stores.MetaData@253d9f73 under key 7 at location 7
Adding stores.MetaData@142269f2 under key 4 at location 4
Adding stores.MetaData@331acdad under key 0 at location 0
Adding stores.MetaData@41d426b5 under key 19 at location 19
Adding stores.MetaData@8dbfffb under key 11 at location 11
Adding stores.MetaData@f316aeb under key 3 at location 3
Adding stores.MetaData@6aa3a905 under key 8 at location 8
Adding stores.MetaData@a22cb6a under key 1 at location 1
Adding stores.MetaData@5dd1c9f2 under key 12 at location 12
Adding stores.MetaData@59b38691 under key 2 at location 2
Adding stores.MetaData@2e2ff723 under key 15 at location 15

Starting testGetOriginalLanguagePos...
Adding stores.MetaData@324a0017 under key 1 at location 1
Adding stores.MetaData@6187d1f5 under key 2 at location 2
Adding stores.Collections@2445445a under key 1 at location 1
Adding 1 under key 2 at location 2
Adding stores.MetaData@7502291e under key 8 at location 8
Adding stores.MetaData@17aad511 under key 3 at location 3
Adding stores.MetaData@487db668 under key 4 at location 4
Adding stores.MetaData@46944ca9 under key 15 at location 15
Adding stores.MetaData@22bac7bc under key 12 at location 12
Adding stores.MetaData@63798ca7 under key 2 at location 2
Adding stores.MetaData@4612b856 under key 16 at location 16
Adding stores.MetaData@22875539 under key 1 at location 1
Adding stores.MetaData@5674e1f2 under key 10 at location 10
Adding stores.MetaData@79c7532f under key 17 at location 17
Adding stores.MetaData@2a448449 under key 13 at location 13
Adding stores.MetaData@32f232a5 under key 5 at location 5
Adding stores.MetaData@43f82e78 under key 7 at location 7
Adding stores.MetaData@e54303 under key 18 at location 18
Adding stores.MetaData@e8df99a under key 0 at location 0
Adding stores.MetaData@2dc995f4 under key 9 at location 9
Adding stores.MetaData@2f40e5db under key 11 at location 11
Adding stores.MetaData@517566b under key 14 at location 14
Adding stores.MetaData@64b73e7a under key 19 at location 19
Adding stores.MetaData@530712d under key 6 at location 6

Starting testGetOriginalTitleAll...
Adding stores.MetaData@2df6226d under key 1 at location 1
Adding stores.MetaData@12ed9db6 under key 2 at location 2
Adding stores.Collections@4ff4357f under key 1 at location 1
Adding 1 under key 2 at location 2
Adding stores.MetaData@49cb9cb5 under key 10 at location 10
Adding stores.MetaData@55322aab under key 18 at location 18
Adding stores.MetaData@2b4c1d96 under key 16 at location 16
Adding stores.MetaData@45fd9a4d under key 17 at location 17
Adding stores.MetaData@50468873 under key 19 at location 19
Adding stores.MetaData@146587a2 under key 15 at location 15
Adding stores.MetaData@5f0e9815 under key 11 at location 11
Adding stores.MetaData@76884e4b under key 1 at location 1
Adding stores.MetaData@126945f9 under key 3 at location 3
Adding stores.MetaData@2a898881 under key 5 at location 5
Adding stores.MetaData@16c63f5 under key 6 at location 6
Adding stores.MetaData@35229f85 under key 13 at location 13
Adding stores.MetaData@6d3c5255 under key 14 at location 14
Adding stores.MetaData@b1712f3 under key 4 at location 4
Adding stores.MetaData@6986bbaf under key 9 at location 9
Adding stores.MetaData@4879dfad under key 0 at location 0
Adding stores.MetaData@4758820d under key 7 at location 7
Adding stores.MetaData@74eb909f under key 8 at location 8
Adding stores.MetaData@28ec166e under key 12 at location 12
Adding stores.MetaData@2eee3069 under key 2 at location 2

Starting testGetOriginalTitleNeg...
Adding stores.MetaData@2da59753 under key 1 at location 1
Adding stores.MetaData@5629510 under key 2 at location 2
Adding stores.Collections@4df5bcb4 under key 1 at location 1
Adding 1 under key 2 at location 2
Adding stores.MetaData@12c7a01b under key 3 at location 3
Adding stores.MetaData@13d9b21f under key 0 at location 0
Adding stores.MetaData@2826f61 under key 6 at location 6
Adding stores.MetaData@62727399 under key 19 at location 19
Adding stores.MetaData@4d9ac0b4 under key 15 at location 15
Adding stores.MetaData@130dca52 under key 17 at location 17
Adding stores.MetaData@2654635 under key 16 at location 16
Adding stores.MetaData@737a135b under key 18 at location 18
Adding stores.MetaData@687ef2e0 under key 8 at location 8
Adding stores.MetaData@15dcfae7 under key 10 at location 10
Adding stores.MetaData@3da05287 under key 11 at location 11
Adding stores.MetaData@1e636ea3 under key 12 at location 12
Adding stores.MetaData@115667d under key 5 at location 5
Adding stores.MetaData@736caf7a under key 13 at location 13
Adding stores.MetaData@4ce7fffa under key 4 at location 4
Adding stores.MetaData@497486b3 under key 9 at location 9
Adding stores.MetaData@63f8276e under key 7 at location 7
Adding stores.MetaData@75f95314 under key 1 at location 1
Adding stores.MetaData@6127a7e under key 2 at location 2
Adding stores.MetaData@6bbe2511 under key 14 at location 14

Starting testGetOriginalTitlePos...
Adding stores.MetaData@495fac5f under key 1 at location 1
Adding stores.MetaData@76012793 under key 2 at location 2
Adding stores.Collections@635572a7 under key 1 at location 1
Adding 1 under key 2 at location 2
Adding stores.MetaData@79d94571 under key 13 at location 13
Adding stores.MetaData@4dd02341 under key 7 at location 7
Adding stores.MetaData@3212a8d7 under key 17 at location 17
Adding stores.MetaData@7a1a3478 under key 4 at location 4
Adding stores.MetaData@495b0487 under key 18 at location 18
Adding stores.MetaData@55dfcc6 under key 10 at location 10
Adding stores.MetaData@222eb8aa under key 9 at location 9
Adding stores.MetaData@93cf163 under key 19 at location 19
Adding stores.MetaData@1852a3ff under key 6 at location 6
Adding stores.MetaData@7203c7ff under key 8 at location 8
Adding stores.MetaData@25bfcafd under key 16 at location 16
Adding stores.MetaData@4b6690c0 under key 1 at location 1
Adding stores.MetaData@46268f08 under key 11 at location 11
Adding stores.MetaData@2a76840c under key 14 at location 14
Adding stores.MetaData@71454b9d under key 5 at location 5
Adding stores.MetaData@eda25e5 under key 0 at location 0
Adding stores.MetaData@7cf6a5f9 under key 3 at location 3
Adding stores.MetaData@623e088f under key 15 at location 15
Adding stores.MetaData@39fcbef6 under key 2 at location 2
Adding stores.MetaData@66565121 under key 12 at location 12

Starting testGetOverviewAll...
Adding stores.MetaData@2fc6f97f under key 1 at location 1
Adding stores.MetaData@3d2ee678 under key 2 at location 2
Adding stores.Collections@6179e425 under key 1 at location 1
Adding 1 under key 2 at location 2
Adding stores.MetaData@35f26e72 under key 3 at location 3
Adding stores.MetaData@2d6764b2 under key 13 at location 13
Adding stores.MetaData@67304a40 under key 15 at location 15
Adding stores.MetaData@49c6c24f under key 7 at location 7
Adding stores.MetaData@6fe1b4fb under key 16 at location 16
Adding stores.MetaData@79351f41 under key 8 at location 8
Adding stores.MetaData@1c32386d under key 19 at location 19
Adding stores.MetaData@6399551e under key 9 at location 9
Adding stores.MetaData@13d73fa under key 11 at location 11
Adding stores.MetaData@5023bb8b under key 10 at location 10
Adding stores.MetaData@5d5f10b2 under key 14 at location 14
Adding stores.MetaData@74c79fa2 under key 1 at location 1
Adding stores.MetaData@1e0f9063 under key 5 at location 5
Adding stores.MetaData@53bd8fca under key 12 at location 12
Adding stores.MetaData@7642df8f under key 4 at location 4
Adding stores.MetaData@3e30646a under key 18 at location 18
Adding stores.MetaData@5cde6747 under key 6 at location 6
Adding stores.MetaData@63a270c9 under key 2 at location 2
Adding stores.MetaData@37c7595 under key 17 at location 17
Adding stores.MetaData@3ed242a4 under key 0 at location 0

Starting testGetOverviewNeg...
Adding stores.MetaData@1199fe66 under key 1 at location 1
Adding stores.MetaData@614df0a4 under key 2 at location 2
Adding stores.Collections@1fdf1c5 under key 1 at location 1
Adding 1 under key 2 at location 2
Adding stores.MetaData@2d96543c under key 4 at location 4
Adding stores.MetaData@73a2e526 under key 17 at location 17
Adding stores.MetaData@7d64e326 under key 11 at location 11
Adding stores.MetaData@13f95696 under key 0 at location 0
Adding stores.MetaData@cd1d761 under key 14 at location 14
Adding stores.MetaData@68be8808 under key 5 at location 5
Adding stores.MetaData@32193bea under key 7 at location 7
Adding stores.MetaData@6b8d96d9 under key 15 at location 15
Adding stores.MetaData@69653e16 under key 13 at location 13
Adding stores.MetaData@758705fa under key 18 at location 18
Adding stores.MetaData@ebaa6cb under key 6 at location 6
Adding stores.MetaData@906d29b under key 19 at location 19
Adding stores.MetaData@49d3c823 under key 9 at location 9
Adding stores.MetaData@436bc36 under key 10 at location 10
Adding stores.MetaData@5fe1ce85 under key 2 at location 2
Adding stores.MetaData@604c5de8 under key 16 at location 16
Adding stores.MetaData@37091312 under key 1 at location 1
Adding stores.MetaData@66fdec9 under key 12 at location 12
Adding stores.MetaData@57abad67 under key 8 at location 8
Adding stores.MetaData@550a1967 under key 3 at location 3

Starting testGetOverviewPos...
Adding stores.MetaData@2a640157 under key 1 at location 1
Adding stores.MetaData@52851b44 under key 2 at location 2
Adding stores.Collections@584f54e6 under key 1 at location 1
Adding 1 under key 2 at location 2
Adding stores.MetaData@5d8bafa9 under key 18 at location 18
Adding stores.MetaData@576f63f6 under key 7 at location 7
Adding stores.MetaData@2dca0d64 under key 0 at location 0
Adding stores.MetaData@f80945f under key 5 at location 5
Adding stores.MetaData@ff684e1 under key 14 at location 14
Adding stores.MetaData@23aa363a under key 8 at location 8
Adding stores.MetaData@5ef6ae06 under key 13 at location 13
Adding stores.MetaData@55dfebeb under key 2 at location 2
Adding stores.MetaData@6e35bc3d under key 12 at location 12
Adding stores.MetaData@1cdc4c27 under key 16 at location 16
Adding stores.MetaData@77b14724 under key 6 at location 6
Adding stores.MetaData@5d9b7a8a under key 19 at location 19
Adding stores.MetaData@1e8ce150 under key 9 at location 9
Adding stores.MetaData@604f2bd2 under key 15 at location 15
Adding stores.MetaData@1d3ac898 under key 1 at location 1
Adding stores.MetaData@1b73be9f under key 10 at location 10
Adding stores.MetaData@628c4ac0 under key 17 at location 17
Adding stores.MetaData@7b84fcf8 under key 3 at location 3
Adding stores.MetaData@30b19518 under key 4 at location 4
Adding stores.MetaData@363042d7 under key 11 at location 11

Starting testGetPopularityEmpty...
Adding stores.MetaData@366ac49b under key 1 at location 1
Adding stores.MetaData@6ad59d92 under key 2 at location 2
Adding stores.Collections@56f0cc85 under key 1 at location 1
Adding 1 under key 2 at location 2
Adding stores.MetaData@62e20a76 under key 19 at location 19
Adding stores.MetaData@2cc44ad under key 18 at location 18
Adding stores.MetaData@44b3606b under key 1 at location 1
Adding stores.MetaData@1477089c under key 11 at location 11
Adding stores.MetaData@663411de under key 4 at location 4
Adding stores.MetaData@63dd899 under key 5 at location 5
Adding stores.MetaData@59d2400d under key 12 at location 12
Adding stores.MetaData@75cd8043 under key 8 at location 8
Adding stores.MetaData@33b1c5c5 under key 3 at location 3
Adding stores.MetaData@5b202a3a under key 13 at location 13
Adding stores.MetaData@10b9db7b under key 9 at location 9
Adding stores.MetaData@9ef8eb7 under key 0 at location 0
Adding stores.MetaData@34cdeda2 under key 16 at location 16
Adding stores.MetaData@6ee660fb under key 2 at location 2
Adding stores.MetaData@305a0c5f under key 17 at location 17
Adding stores.MetaData@4535b6d5 under key 10 at location 10
Adding stores.MetaData@1ecee32c under key 6 at location 6
Adding stores.MetaData@4372b9b6 under key 14 at location 14
Adding stores.MetaData@232a7d73 under key 15 at location 15
Adding stores.MetaData@4b41e4dd under key 7 at location 7

Starting testGetPopularityNeg...
Adding stores.MetaData@22ffa91a under key 1 at location 1
Adding stores.MetaData@74960bfa under key 2 at location 2
Adding stores.Collections@42721fe under key 1 at location 1
Adding 1 under key 2 at location 2
Adding stores.MetaData@40844aab under key 9 at location 9
Adding stores.MetaData@1f6c9cd8 under key 8 at location 8
Adding stores.MetaData@5b619d14 under key 16 at location 16
Adding stores.MetaData@66746f57 under key 2 at location 2
Adding stores.MetaData@447a020 under key 11 at location 11
Adding stores.MetaData@7f36662c under key 3 at location 3
Adding stores.MetaData@28e8dde3 under key 5 at location 5
Adding stores.MetaData@6d23017e under key 10 at location 10
Adding stores.MetaData@54dcfa5a under key 1 at location 1
Adding stores.MetaData@1817f1eb under key 17 at location 17
Adding stores.MetaData@767e20cf under key 14 at location 14
Adding stores.MetaData@3a3e78f under key 15 at location 15
Adding stores.MetaData@301ec38b under key 18 at location 18
Adding stores.MetaData@17a1e4ca under key 12 at location 12
Adding stores.MetaData@10ded6a9 under key 0 at location 0
Adding stores.MetaData@c5dc4a2 under key 6 at location 6
Adding stores.MetaData@4a194c39 under key 7 at location 7
Adding stores.MetaData@52066604 under key 19 at location 19
Adding stores.MetaData@340b9973 under key 13 at location 13
Adding stores.MetaData@56113384 under key 4 at location 4

Starting testGetPopularityPos...
Adding stores.MetaData@5669c5fb under key 1 at location 1
Adding stores.MetaData@373ebf74 under key 2 at location 2
Adding stores.Collections@5f9678e1 under key 1 at location 1
Adding 1 under key 2 at location 2
Adding stores.MetaData@c4ed84 under key 19 at location 19
Adding stores.MetaData@189aa67a under key 2 at location 2
Adding stores.MetaData@5a9d6f02 under key 0 at location 0
Adding stores.MetaData@362045c0 under key 7 at location 7
Adding stores.MetaData@112f364d under key 9 at location 9
Adding stores.MetaData@5ccbeb64 under key 12 at location 12
Adding stores.MetaData@6d9f7a80 under key 17 at location 17
Adding stores.MetaData@59252cb6 under key 6 at location 6
Adding stores.MetaData@31d0e481 under key 11 at location 11
Adding stores.MetaData@3243b914 under key 10 at location 10
Adding stores.MetaData@241e8ea6 under key 16 at location 16
Adding stores.MetaData@542e560f under key 15 at location 15
Adding stores.MetaData@626c44e7 under key 3 at location 3
Adding stores.MetaData@4dc8caa7 under key 4 at location 4
Adding stores.MetaData@1d730606 under key 13 at location 13
[...]

Starting testGetVoteAverageNeg...
Adding stores.MetaData@f79a760 under key 1 at location 1
Adding stores.MetaData@14f5da2c under key 2 at location 2
Adding stores.Collections@12dae582 under key 1 at location 1
Adding 1 under key 2 at location 2
Adding stores.MetaData@239b0f9d under key 16 at location 16
Adding stores.MetaData@619bfe29 under key 8 at location 8
Adding stores.MetaData@5b057c8c under key 4 at location 4
Adding stores.MetaData@1eb6749b under key 19 at location 19
Adding stores.MetaData@652a7737 under key 3 at location 3
Adding stores.MetaData@5b7ea70d under key 10 at location 10
Adding stores.MetaData@2bef51f2 under key 18 at location 18
Adding stores.MetaData@650eab8 under key 11 at location 11
Adding stores.MetaData@30f5a68a under key 1 at location 1
Adding stores.MetaData@1e1d3956 under key 5 at location 5
Adding stores.MetaData@4f2c9ba6 under key 15 at location 15
Adding stores.MetaData@4e28bdd1 under key 7 at location 7
Adding stores.MetaData@53f48368 under key 12 at location 12
Adding stores.MetaData@24d4d7c9 under key 2 at location 2
Adding stores.MetaData@f0e995e under key 6 at location 6
Adding stores.MetaData@4c37b5b under key 14 at location 14
Adding stores.MetaData@73db4768 under key 9 at location 9
Adding stores.MetaData@71b3bc45 under key 13 at location 13
Adding stores.MetaData@a8c1f44 under key 0 at location 0
Adding stores.MetaData@150ab4ed under key 17 at location 17

Starting testGetVoteAveragePos...
Adding stores.MetaData@3c435123 under key 1 at location 1
Adding stores.MetaData@50fe837a under key 2 at location 2
Adding stores.Collections@3a62c01e under key 1 at location 1
Adding 1 under key 2 at location 2
Adding stores.MetaData@7a8fa663 under key 14 at location 14
Adding stores.MetaData@5ce33a58 under key 13 at location 13
Adding stores.MetaData@78a287ed under key 15 at location 15
Adding stores.MetaData@546ccad7 under key 5 at location 5
Adding stores.MetaData@5357c287 under key 12 at location 12
Adding stores.MetaData@1623134f under key 9 at location 9
Adding stores.MetaData@7a527389 under key 3 at location 3
Adding stores.MetaData@485a3466 under key 0 at location 0
Adding stores.MetaData@25748410 under key 11 at location 11
Adding stores.MetaData@2b43529a under key 19 at location 19
Adding stores.MetaData@4264b240 under key 4 at location 4
Adding stores.MetaData@5b04476e under key 6 at location 6
Adding stores.MetaData@5ad10c1a under key 10 at location 10
Adding stores.MetaData@6bb75258 under key 17 at location 17
Adding stores.MetaData@c260bdc under key 8 at location 8
Adding stores.MetaData@75e01201 under key 2 at location 2
Adding stores.MetaData@2783717b under key 16 at location 16
Adding stores.MetaData@76f7d241 under key 18 at location 18
Adding stores.MetaData@4a335fa8 under key 7 at location 7
Adding stores.MetaData@3f363cf5 under key 1 at location 1

Starting testGetVoteCountNeg...
Adding stores.MetaData@3829ac1 under key 1 at location 1
Adding stores.MetaData@4baf352a under key 2 at location 2
Adding stores.Collections@1bb1fde8 under key 1 at location 1
Adding 1 under key 2 at location 2
Adding stores.MetaData@15eebbff under key 8 at location 8
Adding stores.MetaData@22d6f11 under key 13 at location 13
Adding stores.MetaData@30990c1b under key 14 at location 14
Adding stores.MetaData@2453f95d under key 11 at location 11
Adding stores.MetaData@44828f6b under key 17 at location 17
Adding stores.MetaData@2dbe250d under key 6 at location 6
Adding stores.MetaData@553f1d75 under key 7 at location 7
Adding stores.MetaData@6e1d8f9e under key 9 at location 9
Adding stores.MetaData@3e34ace1 under key 5 at location 5
Adding stores.MetaData@62fe6067 under key 3 at location 3
Adding stores.MetaData@4f071df8 under key 15 at location 15
Adding stores.MetaData@4de41af9 under key 2 at location 2
Adding stores.MetaData@56ace400 under key 4 at location 4
Adding stores.MetaData@47404bea under key 19 at location 19
Adding stores.MetaData@305f7627 under key 10 at location 10
Adding stores.MetaData@5d018107 under key 12 at location 12
Adding stores.MetaData@6cbcf243 under key 1 at location 1
Adding stores.MetaData@29e6eb25 under key 0 at location 0
Adding stores.MetaData@62435e70 under key 18 at location 18
Adding stores.MetaData@339bf286 under key 16 at location 16

Starting testGetVoteCountPos...
Adding stores.MetaData@38be305c under key 1 at location 1
Adding stores.MetaData@269f4bad under key 2 at location 2
Adding stores.Collections@5ed731d0 under key 1 at location 1
Adding 1 under key 2 at location 2
Adding stores.MetaData@3234f74e under key 0 at location 0
Adding stores.MetaData@7bc10d84 under key 3 at location 3
Adding stores.MetaData@275fe372 under key 11 at location 11
Adding stores.MetaData@40e10ff8 under key 13 at location 13
Adding stores.MetaData@557a1e2d under key 1 at location 1
Adding stores.MetaData@26a4842b under key 6 at location 6
Adding stores.MetaData@7e38a7fe under key 9 at location 9
Adding stores.MetaData@366ef90e under key 19 at location 19
Adding stores.MetaData@33e01298 under key 12 at location 12
Adding stores.MetaData@31e75d13 under key 15 at location 15
Adding stores.MetaData@a5b0b86 under key 10 at location 10
Adding stores.MetaData@4b3c354a under key 17 at location 17
Adding stores.MetaData@78fb9a67 under key 2 at location 2
Adding stores.MetaData@73ff4fae under key 4 at location 4
Adding stores.MetaData@21aa6d6c under key 18 at location 18
Adding stores.MetaData@b968a76 under key 7 at location 7
Adding stores.MetaData@2f9a01c1 under key 14 at location 14
Adding stores.MetaData@2611b9a3 under key 5 at location 5
Adding stores.MetaData@54227100 under key 8 at location 8
Adding stores.MetaData@6b5894c8 under key 16 at location 16

Starting testRemoveNeg...
Adding stores.MetaData@1433046b under key 1 at location 1
Adding stores.MetaData@3f446bef under key 2 at location 2
Adding stores.Collections@7829b776 under key 1 at location 1
Adding 1 under key 2 at location 2
Adding stores.MetaData@5778826f under key 1 at location 1
Adding stores.MetaData@5b64c4b7 under key 9 at location 9
Adding stores.MetaData@4763c727 under key 6 at location 6
Adding stores.MetaData@72445aba under key 3 at location 3
Adding stores.MetaData@61bcd567 under key 19 at location 19
Adding stores.MetaData@1c80e49b under key 13 at location 13
Adding stores.MetaData@458342d3 under key 7 at location 7
Adding stores.MetaData@15c25153 under key 12 at location 12
Adding stores.MetaData@1252b961 under key 11 at location 11
Adding stores.MetaData@9ed238c under key 14 at location 14
Adding stores.MetaData@56276db8 under key 8 at location 8
Adding stores.MetaData@51e8e6e6 under key 10 at location 10
Adding stores.MetaData@56f6d40b under key 4 at location 4
Adding stores.MetaData@36676c1a under key 17 at location 17
Adding stores.MetaData@5b408dc3 under key 18 at location 18
Adding stores.MetaData@4d098f9b under key 2 at location 2
Adding stores.MetaData@2dbf4cbd under key 5 at location 5
Adding stores.MetaData@20b5f2ac under key 15 at location 15
Adding stores.MetaData@7fc44dec under key 0 at location 0
Adding stores.MetaData@7e3060d8 under key 16 at location 16

Starting testRemovePos...
Adding stores.MetaData@293d0107 under key 1 at location 1
Adding stores.MetaData@2692b61e under key 2 at location 2
Adding stores.Collections@7b64240d under key 1 at location 1
Adding 1 under key 2 at location 2
Adding stores.MetaData@62fad19 under key 1 at location 1
Adding stores.MetaData@47dbb1e2 under key 7 at location 7
Adding stores.MetaData@74cadd41 under key 19 at location 19
Adding stores.MetaData@2e54db99 under key 9 at location 9
Adding stores.MetaData@55e8ec2f under key 13 at location 13
Adding stores.MetaData@4f2613d1 under key 6 at location 6
Adding stores.MetaData@6d24ffa1 under key 12 at location 12
Adding stores.MetaData@65a4798f under key 10 at location 10
Adding stores.MetaData@773f7880 under key 4 at location 4
Adding stores.MetaData@878452d under key 15 at location 15
Adding stores.MetaData@426b6a74 under key 2 at location 2
Adding stores.MetaData@4c51bb7 under key 17 at location 17
Adding stores.MetaData@83298d7 under key 3 at location 3
Adding stores.MetaData@42a9e5d1 under key 0 at location 0
Adding stores.MetaData@5b080f3a under key 14 at location 14
Adding stores.MetaData@773cbf4f under key 8 at location 8
Adding stores.MetaData@6b54655f under key 5 at location 5
Adding stores.MetaData@665e9289 under key 18 at location 18
Adding stores.MetaData@7d3430a7 under key 11 at location 11
Adding stores.MetaData@6f603e89 under key 16 at location 16

Starting testSetIMDBNeg...
Adding stores.MetaData@2756c0a7 under key 1 at location 1
Adding stores.MetaData@350ec41e under key 2 at location 2
Adding stores.Collections@69637b10 under key 1 at location 1
Adding 1 under key 2 at location 2
Adding stores.MetaData@71984c3 under key 12 at location 12
Adding stores.MetaData@165b2f7f under key 17 at location 17
Adding stores.MetaData@5536379e under key 4 at location 4
Adding stores.MetaData@277f7dd3 under key 10 at location 10
Adding stores.MetaData@6c8bca63 under key 0 at location 0
Adding stores.MetaData@2364305a under key 6 at location 6
Adding stores.MetaData@470a696f under key 1 at location 1
Adding stores.MetaData@1bc715b8 under key 7 at location 7
Adding stores.MetaData@292d1c71 under key 3 at location 3
Adding stores.MetaData@2b491fee under key 11 at location 11
Adding stores.MetaData@3f1c5af9 under key 2 at location 2
Adding stores.MetaData@1c55f277 under key 15 at location 15
Adding stores.MetaData@5ddabb18 under key 9 at location 9
Adding stores.MetaData@3e8f7922 under key 19 at location 19
Adding stores.MetaData@63192798 under key 13 at location 13
Adding stores.MetaData@50eca7c6 under key 8 at location 8
Adding stores.MetaData@58e6d4b8 under key 14 at location 14
Adding stores.MetaData@1de5f0ef under key 16 at location 16
Adding stores.MetaData@376a312c under key 18 at location 18
Adding stores.MetaData@28d6290 under key 5 at location 5

Starting testGetPosterPos...
Adding stores.MetaData@6ca0256d under key 1 at location 1
Adding stores.MetaData@5ef0d29e under key 2 at location 2
Adding stores.Collections@38f57b3d under key 1 at location 1
Adding 1 under key 2 at location 2
Adding stores.MetaData@51850751 under key 2 at location 2
Adding stores.MetaData@3ce3db41 under key 6 at location 6
Adding stores.MetaData@64df9a61 under key 1 at location 1
Adding stores.MetaData@77602954 under key 16 at location 16
Adding stores.MetaData@e260766 under key 3 at location 3
Adding stores.MetaData@2c3dec30 under key 10 at location 10
Adding stores.MetaData@34a97744 under key 17 at location 17
Adding stores.MetaData@4275c20c under key 7 at location 7
Adding stores.MetaData@7c56e013 under key 9 at location 9
Adding stores.MetaData@3fc9dfc5 under key 13 at location 13
Adding stores.MetaData@40258c2f under key 4 at location 4
Adding stores.MetaData@2cac4385 under key 0 at location 0
Adding stores.MetaData@6731787b under key 15 at location 15
Adding stores.MetaData@16f7b4af under key 8 at location 8
Adding stores.MetaData@7adf16aa under key 19 at location 19
Adding stores.MetaData@34a1d21f under key 5 at location 5
Adding stores.MetaData@58bf8650 under key 11 at location 11
Adding stores.MetaData@73c60324 under key 14 at location 14
Adding stores.MetaData@71ae31b0 under key 12 at location 12
Adding stores.MetaData@4ba534b0 under key 18 at location 18

Starting testSetPopularityNeg...
Adding stores.MetaData@6f0ca692 under key 1 at location 1
Adding stores.MetaData@2c104774 under key 2 at location 2
Adding stores.Collections@2cb3d0f7 under key 1 at location 1
Adding 1 under key 2 at location 2
Adding stores.MetaData@4e517165 under key 8 at location 8
Adding stores.MetaData@44e3760b under key 10 at location 10
Adding stores.MetaData@6a66a204 under key 13 at location 13
Adding stores.MetaData@5860f3d7 under key 1 at location 1
Adding stores.MetaData@1d7f7be7 under key 16 at location 16
Adding stores.MetaData@42f3156d under key 6 at location 6
Adding stores.MetaData@1ddae9b5 under key 2 at location 2
Adding stores.MetaData@427b5f92 under key 14 at location 14
Adding stores.MetaData@24bdb479 under key 3 at location 3
Adding stores.MetaData@7e3f95fe under key 4 at location 4
Adding stores.MetaData@34625ccd under key 18 at location 18
Adding stores.MetaData@2c7d121c under key 19 at location 19
Adding stores.MetaData@65aa6596 under key 15 at location 15
Adding stores.MetaData@67389cb8 under key 0 at location 0
Adding stores.MetaData@419a20a6 under key 12 at location 12
Adding stores.MetaData@533377b under key 5 at location 5
Adding stores.MetaData@3383649e under key 17 at location 17
Adding stores.MetaData@10fde30a under key 9 at location 9
Adding stores.MetaData@f27ea3 under key 7 at location 7
Adding stores.MetaData@1ce61929 under key 11 at location 11

Starting testSetPopularityPos...
Adding stores.MetaData@346939bf under key 1 at location 1
Adding stores.MetaData@4bf3798b under key 2 at location 2
Adding stores.Collections@58670130 under key 1 at location 1
Adding 1 under key 2 at location 2
Adding stores.MetaData@74e47444 under key 7 at location 7
Adding stores.MetaData@9bd0fa6 under key 14 at location 14
Adding stores.MetaData@59d2103b under key 12 at location 12
Adding stores.MetaData@39dcf4b0 under key 13 at location 13
Adding stores.MetaData@6e4de19b under key 15 at location 15
Adding stores.MetaData@f6c03cb under key 11 at location 11
Adding stores.MetaData@46f699d5 under key 18 at location 18
Adding stores.MetaData@18518ccf under key 5 at location 5
Adding stores.MetaData@1991f767 under key 17 at location 17
Adding stores.MetaData@768ccdc5 under key 3 at location 3
Adding stores.MetaData@4c6daf0 under key 4 at location 4
Adding stores.MetaData@10650953 under key 9 at location 9
Adding stores.MetaData@659eef7 under key 16 at location 16
Adding stores.MetaData@162be91c under key 1 at location 1
Adding stores.MetaData@2488b073 under key 0 at location 0
Adding stores.MetaData@1c9f0a20 under key 2 at location 2
Adding stores.MetaData@55787112 under key 8 at location 8
Adding stores.MetaData@1cd201a8 under key 19 at location 19
Adding stores.MetaData@7db82169 under key 10 at location 10
Adding stores.MetaData@1992eaf4 under key 6 at location 6

Starting testSetVoteNeg...
Adding stores.MetaData@f74e835 under key 1 at location 1
Adding stores.MetaData@3276732 under key 2 at location 2
Adding stores.Collections@3f28bd56 under key 1 at location 1
Adding 1 under key 2 at location 2
Adding stores.MetaData@31e3250d under key 7 at location 7
Adding stores.MetaData@19fe4644 under key 1 at location 1
Adding stores.MetaData@21d8bcbe under key 16 at location 16
Adding stores.MetaData@5be067de under key 9 at location 9
Adding stores.MetaData@7383eae2 under key 10 at location 10
Adding stores.MetaData@18245eb0 under key 4 at location 4
Adding stores.MetaData@7c7d3c46 under key 13 at location 13
Adding stores.MetaData@24fb6a80 under key 6 at location 6
Adding stores.MetaData@48c35007 under key 17 at location 17
Adding stores.MetaData@72a85671 under key 12 at location 12
Adding stores.MetaData@6722db6e under key 3 at location 3
Adding stores.MetaData@18f20260 under key 15 at location 15
Adding stores.MetaData@4ae33a11 under key 8 at location 8
Adding stores.MetaData@7a48e6e2 under key 18 at location 18
Adding stores.MetaData@b40bb6e under key 5 at location 5
Adding stores.MetaData@3a94964 under key 19 at location 19
Adding stores.MetaData@5049d8b2 under key 11 at location 11
Adding stores.MetaData@6d0b5baf under key 0 at location 0
Adding stores.MetaData@631e06ab under key 14 at location 14
Adding stores.MetaData@2a3591c5 under key 2 at location 2

Starting testSetVotePos...
Adding stores.MetaData@34a75079 under key 1 at location 1
Adding stores.MetaData@346a361 under key 2 at location 2
Adding stores.Collections@107ed6fc under key 1 at location 1
Adding 1 under key 2 at location 2
Adding stores.MetaData@1643d68f under key 11 at location 11
Adding stores.MetaData@186978a6 under key 8 at location 8
Adding stores.MetaData@2e029d61 under key 19 at location 19
Adding stores.MetaData@482d776b under key 9 at location 9
Adding stores.MetaData@4052274f under key 13 at location 13
Adding stores.MetaData@132ddbab under key 2 at location 2
Adding stores.MetaData@297ea53a under key 5 at location 5
Adding stores.MetaData@acb0951 under key 10 at location 10
Adding stores.MetaData@5bf22f18 under key 16 at location 16
Adding stores.MetaData@267f474e under key 15 at location 15
Adding stores.MetaData@7a7471ce under key 6 at location 6
Adding stores.MetaData@28276e50 under key 14 at location 14
Adding stores.MetaData@62e70ea3 under key 17 at location 17
Adding stores.MetaData@3efe7086 under key 7 at location 7
Adding stores.MetaData@675d8c96 under key 3 at location 3
Adding stores.MetaData@741b3bc3 under key 18 at location 18
Adding stores.MetaData@2ed3b1f5 under key 1 at location 1
Adding stores.MetaData@63648ee9 under key 0 at location 0
Adding stores.MetaData@68d6972f under key 12 at location 12
Adding stores.MetaData@45be7cd5 under key 4 at location 4

Starting testSize...
Adding stores.MetaData@7651218e under key 1 at location 1
Adding stores.MetaData@3185fa6b under key 2 at location 2
Adding stores.Collections@6d366c9b under key 1 at location 1
Adding 1 under key 2 at location 2
Adding stores.MetaData@5b58ed3c under key 10 at location 10
Adding stores.MetaData@24faea88 under key 7 at location 7
Adding stores.MetaData@3a320ade under key 8 at location 8
Adding stores.MetaData@64beebb7 under key 9 at location 9
Adding stores.MetaData@7813cb11 under key 14 at location 14
Adding stores.MetaData@bcec031 under key 16 at location 16
Adding stores.MetaData@21005f6c under key 19 at location 19
Adding stores.MetaData@32f0fba8 under key 0 at location 0
Adding stores.MetaData@545de5a4 under key 11 at location 11
Adding stores.MetaData@29ef6856 under key 15 at location 15
Adding stores.MetaData@ab7a938 under key 1 at location 1
Adding stores.MetaData@3faf2e7d under key 2 at location 2
Adding stores.MetaData@4648ce9 under key 12 at location 12
Adding stores.MetaData@569bf9eb under key 17 at location 17
Adding stores.MetaData@61526469 under key 3 at location 3
Adding stores.MetaData@274872f8 under key 6 at location 6
Adding stores.MetaData@76ba13c under key 4 at location 4
Adding stores.MetaData@eb6449b under key 5 at location 5
Adding stores.MetaData@7c351808 under key 13 at location 13
Adding stores.MetaData@180e6ac4 under key 18 at location 18

Starting testfindFilmsNeg...
Adding stores.MetaData@42b64ab8 under key 1 at location 1
Adding stores.MetaData@7e985ce9 under key 2 at location 2
Adding stores.Collections@2a39fe6a under key 1 at location 1
Adding 1 under key 2 at location 2
Adding stores.MetaData@410ae9a3 under key 2 at location 2
Adding stores.MetaData@319988b0 under key 4 at location 4
Adding stores.MetaData@d5ae57e under key 12 at location 12
Adding stores.MetaData@68759011 under key 18 at location 18
Adding stores.MetaData@7e242b4d under key 0 at location 0
Adding stores.MetaData@305f031 under key 8 at location 8
Adding stores.MetaData@592e843a under key 13 at location 13
Adding stores.MetaData@1d1f7216 under key 14 at location 14
Adding stores.MetaData@423e4cbb under key 11 at location 11
Adding stores.MetaData@6e16b8b5 under key 5 at location 5
Adding stores.MetaData@43b4fe19 under key 17 at location 17
Adding stores.MetaData@25ddbbbb under key 19 at location 19
Adding stores.MetaData@1536602f under key 3 at location 3
Adding stores.MetaData@4ebea12c under key 7 at location 7
Adding stores.MetaData@2a1edad4 under key 15 at location 15
Adding stores.MetaData@6256ac4f under key 10 at location 10
Adding stores.MetaData@44c79f32 under key 1 at location 1
Adding stores.MetaData@7fcbe147 under key 16 at location 16
Adding stores.MetaData@235f4c10 under key 9 at location 9
Adding stores.MetaData@743cb8e0 under key 6 at location 6

Starting testfindFilmsPos...
]]></system-out>
  <system-err><![CDATA[]]></system-err>
</testsuite>
